   1              		.syntax unified
   2              		.cpu cortex-m3
   3              		.fpu softvfp
   4              		.eabi_attribute 20, 1
   5              		.eabi_attribute 21, 1
   6              		.eabi_attribute 23, 3
   7              		.eabi_attribute 24, 1
   8              		.eabi_attribute 25, 1
   9              		.eabi_attribute 26, 1
  10              		.eabi_attribute 30, 2
  11              		.eabi_attribute 34, 1
  12              		.eabi_attribute 18, 4
  13              		.thumb
  14              		.file	"debug_frmwrk.c"
  15              		.text
  16              	.Ltext0:
  17              		.cfi_sections	.debug_frame
  18              		.section	.text.UARTPutChar,"ax",%progbits
  19              		.align	2
  20              		.global	UARTPutChar
  21              		.thumb
  22              		.thumb_func
  24              	UARTPutChar:
  25              	.LFB55:
  26              		.file 1 "./Drivers/source/debug_frmwrk.c"
   1:./Drivers/source/debug_frmwrk.c **** /***********************************************************************//**
   2:./Drivers/source/debug_frmwrk.c ****  * @file		debug_frmwrk.c
   3:./Drivers/source/debug_frmwrk.c ****  * @brief		Contains some utilities that used for debugging through UART
   4:./Drivers/source/debug_frmwrk.c ****  * @version		2.0
   5:./Drivers/source/debug_frmwrk.c ****  * @date		21. May. 2010
   6:./Drivers/source/debug_frmwrk.c ****  * @author		NXP MCU SW Application Team
   7:./Drivers/source/debug_frmwrk.c ****  *----------------------------------------------------------------------------
   8:./Drivers/source/debug_frmwrk.c ****  * Software that is described herein is for illustrative purposes only
   9:./Drivers/source/debug_frmwrk.c ****  * which provides customers with programming information regarding the
  10:./Drivers/source/debug_frmwrk.c ****  * products. This software is supplied "AS IS" without any warranties.
  11:./Drivers/source/debug_frmwrk.c ****  * NXP Semiconductors assumes no responsibility or liability for the
  12:./Drivers/source/debug_frmwrk.c ****  * use of the software, conveys no license or title under any patent,
  13:./Drivers/source/debug_frmwrk.c ****  * copyright, or mask work right to the product. NXP Semiconductors
  14:./Drivers/source/debug_frmwrk.c ****  * reserves the right to make changes in the software without
  15:./Drivers/source/debug_frmwrk.c ****  * notification. NXP Semiconductors also make no representation or
  16:./Drivers/source/debug_frmwrk.c ****  * warranty that such application will be suitable for the specified
  17:./Drivers/source/debug_frmwrk.c ****  * use without further testing or modification.
  18:./Drivers/source/debug_frmwrk.c ****  **********************************************************************/
  19:./Drivers/source/debug_frmwrk.c **** 
  20:./Drivers/source/debug_frmwrk.c **** #include "debug_frmwrk.h"
  21:./Drivers/source/debug_frmwrk.c **** #include "lpc17xx_pinsel.h"
  22:./Drivers/source/debug_frmwrk.c **** 
  23:./Drivers/source/debug_frmwrk.c **** /* If this source file built with example, the LPC17xx FW library configuration
  24:./Drivers/source/debug_frmwrk.c ****  * file in each example directory ("lpc17xx_libcfg.h") must be included,
  25:./Drivers/source/debug_frmwrk.c ****  * otherwise the default FW library configuration file must be included instead
  26:./Drivers/source/debug_frmwrk.c ****  */
  27:./Drivers/source/debug_frmwrk.c **** #ifdef __BUILD_WITH_EXAMPLE__
  28:./Drivers/source/debug_frmwrk.c **** #include "lpc17xx_libcfg.h"
  29:./Drivers/source/debug_frmwrk.c **** #else
  30:./Drivers/source/debug_frmwrk.c **** #include "lpc17xx_libcfg_default.h"
  31:./Drivers/source/debug_frmwrk.c **** #endif /* __BUILD_WITH_EXAMPLE__ */
  32:./Drivers/source/debug_frmwrk.c **** 
  33:./Drivers/source/debug_frmwrk.c **** #ifdef _DBGFWK
  34:./Drivers/source/debug_frmwrk.c **** /* Debug framework */
  35:./Drivers/source/debug_frmwrk.c **** 
  36:./Drivers/source/debug_frmwrk.c **** void (*_db_msg)(LPC_UART_TypeDef *UARTx, const void *s);
  37:./Drivers/source/debug_frmwrk.c **** void (*_db_msg_)(LPC_UART_TypeDef *UARTx, const void *s);
  38:./Drivers/source/debug_frmwrk.c **** void (*_db_char)(LPC_UART_TypeDef *UARTx, uint8_t ch);
  39:./Drivers/source/debug_frmwrk.c **** void (*_db_dec)(LPC_UART_TypeDef *UARTx, uint8_t decn);
  40:./Drivers/source/debug_frmwrk.c **** void (*_db_dec_16)(LPC_UART_TypeDef *UARTx, uint16_t decn);
  41:./Drivers/source/debug_frmwrk.c **** void (*_db_dec_32)(LPC_UART_TypeDef *UARTx, uint32_t decn);
  42:./Drivers/source/debug_frmwrk.c **** void (*_db_hex)(LPC_UART_TypeDef *UARTx, uint8_t hexn);
  43:./Drivers/source/debug_frmwrk.c **** void (*_db_hex_16)(LPC_UART_TypeDef *UARTx, uint16_t hexn);
  44:./Drivers/source/debug_frmwrk.c **** void (*_db_hex_32)(LPC_UART_TypeDef *UARTx, uint32_t hexn);
  45:./Drivers/source/debug_frmwrk.c **** uint8_t (*_db_get_char)(LPC_UART_TypeDef *UARTx);
  46:./Drivers/source/debug_frmwrk.c **** 
  47:./Drivers/source/debug_frmwrk.c **** 
  48:./Drivers/source/debug_frmwrk.c **** /*********************************************************************//**
  49:./Drivers/source/debug_frmwrk.c ****  * @brief		Puts a character to UART port
  50:./Drivers/source/debug_frmwrk.c ****  * @param[in]	UARTx	Pointer to UART peripheral
  51:./Drivers/source/debug_frmwrk.c ****  * @param[in]	ch		Character to put
  52:./Drivers/source/debug_frmwrk.c ****  * @return		None
  53:./Drivers/source/debug_frmwrk.c ****  **********************************************************************/
  54:./Drivers/source/debug_frmwrk.c **** void UARTPutChar (LPC_UART_TypeDef *UARTx, uint8_t ch)
  55:./Drivers/source/debug_frmwrk.c **** {
  27              		.loc 1 55 0
  28              		.cfi_startproc
  29              		@ args = 0, pretend = 0, frame = 8
  30              		@ frame_needed = 0, uses_anonymous_args = 0
  31              	.LVL0:
  32 0000 00B5     		push	{lr}
  33              		.cfi_def_cfa_offset 4
  34              		.cfi_offset 14, -4
  35 0002 83B0     		sub	sp, sp, #12
  36              		.cfi_def_cfa_offset 16
  37              		.loc 1 55 0
  38 0004 02AB     		add	r3, sp, #8
  39 0006 03F8011D 		strb	r1, [r3, #-1]!
  56:./Drivers/source/debug_frmwrk.c **** 	UART_Send(UARTx, &ch, 1, BLOCKING);
  40              		.loc 1 56 0
  41 000a 0122     		movs	r2, #1
  42 000c 1946     		mov	r1, r3
  43              	.LVL1:
  44 000e 1346     		mov	r3, r2
  45 0010 FFF7FEFF 		bl	UART_Send
  46              	.LVL2:
  57:./Drivers/source/debug_frmwrk.c **** }
  47              		.loc 1 57 0
  48 0014 03B0     		add	sp, sp, #12
  49              		@ sp needed
  50 0016 5DF804FB 		ldr	pc, [sp], #4
  51              		.cfi_endproc
  52              	.LFE55:
  54 001a 00BF     		.section	.text.UARTPuts,"ax",%progbits
  55              		.align	2
  56              		.global	UARTPuts
  57              		.thumb
  58              		.thumb_func
  60              	UARTPuts:
  61              	.LFB57:
  58:./Drivers/source/debug_frmwrk.c **** 
  59:./Drivers/source/debug_frmwrk.c **** 
  60:./Drivers/source/debug_frmwrk.c **** /*********************************************************************//**
  61:./Drivers/source/debug_frmwrk.c ****  * @brief		Get a character to UART port
  62:./Drivers/source/debug_frmwrk.c ****  * @param[in]	UARTx	Pointer to UART peripheral
  63:./Drivers/source/debug_frmwrk.c ****  * @return		character value that returned
  64:./Drivers/source/debug_frmwrk.c ****  **********************************************************************/
  65:./Drivers/source/debug_frmwrk.c **** uint8_t UARTGetChar (LPC_UART_TypeDef *UARTx)
  66:./Drivers/source/debug_frmwrk.c **** {
  67:./Drivers/source/debug_frmwrk.c **** 	uint8_t tmp = 0;
  68:./Drivers/source/debug_frmwrk.c **** 	UART_Receive(UARTx, &tmp, 1, BLOCKING);
  69:./Drivers/source/debug_frmwrk.c **** 	return(tmp);
  70:./Drivers/source/debug_frmwrk.c **** }
  71:./Drivers/source/debug_frmwrk.c **** 
  72:./Drivers/source/debug_frmwrk.c **** 
  73:./Drivers/source/debug_frmwrk.c **** /*********************************************************************//**
  74:./Drivers/source/debug_frmwrk.c ****  * @brief		Puts a string to UART port
  75:./Drivers/source/debug_frmwrk.c ****  * @param[in]	UARTx 	Pointer to UART peripheral
  76:./Drivers/source/debug_frmwrk.c ****  * @param[in]	str 	string to put
  77:./Drivers/source/debug_frmwrk.c ****  * @return		None
  78:./Drivers/source/debug_frmwrk.c ****  **********************************************************************/
  79:./Drivers/source/debug_frmwrk.c **** void UARTPuts(LPC_UART_TypeDef *UARTx, const void *str)
  80:./Drivers/source/debug_frmwrk.c **** {
  62              		.loc 1 80 0
  63              		.cfi_startproc
  64              		@ args = 0, pretend = 0, frame = 8
  65              		@ frame_needed = 0, uses_anonymous_args = 0
  66              	.LVL3:
  67 0000 70B5     		push	{r4, r5, r6, lr}
  68              		.cfi_def_cfa_offset 16
  69              		.cfi_offset 4, -16
  70              		.cfi_offset 5, -12
  71              		.cfi_offset 6, -8
  72              		.cfi_offset 14, -4
  81:./Drivers/source/debug_frmwrk.c **** 	uint8_t *s = (uint8_t *) str;
  82:./Drivers/source/debug_frmwrk.c **** 
  83:./Drivers/source/debug_frmwrk.c **** 	while (*s)
  73              		.loc 1 83 0
  74 0002 0C78     		ldrb	r4, [r1]	@ zero_extendqisi2
  80:./Drivers/source/debug_frmwrk.c **** {
  75              		.loc 1 80 0
  76 0004 82B0     		sub	sp, sp, #8
  77              		.cfi_def_cfa_offset 24
  80:./Drivers/source/debug_frmwrk.c **** {
  78              		.loc 1 80 0
  79 0006 0646     		mov	r6, r0
  80              		.loc 1 83 0
  81 0008 6CB1     		cbz	r4, .L2
  82 000a 0D46     		mov	r5, r1
  83              	.LVL4:
  84              	.L5:
  85              	.LBB46:
  86              	.LBB47:
  56:./Drivers/source/debug_frmwrk.c **** 	UART_Send(UARTx, &ch, 1, BLOCKING);
  87              		.loc 1 56 0
  88 000c 0122     		movs	r2, #1
  89 000e 1346     		mov	r3, r2
  90 0010 3046     		mov	r0, r6
  91 0012 0DF10701 		add	r1, sp, #7
  92 0016 8DF80740 		strb	r4, [sp, #7]
  93              	.LVL5:
  94 001a FFF7FEFF 		bl	UART_Send
  95              	.LVL6:
  96              	.LBE47:
  97              	.LBE46:
  98              		.loc 1 83 0
  99 001e 15F8014F 		ldrb	r4, [r5, #1]!	@ zero_extendqisi2
 100              	.LVL7:
 101 0022 002C     		cmp	r4, #0
 102 0024 F2D1     		bne	.L5
 103              	.LVL8:
 104              	.L2:
  84:./Drivers/source/debug_frmwrk.c **** 	{
  85:./Drivers/source/debug_frmwrk.c **** 		UARTPutChar(UARTx, *s++);
  86:./Drivers/source/debug_frmwrk.c **** 	}
  87:./Drivers/source/debug_frmwrk.c **** }
 105              		.loc 1 87 0
 106 0026 02B0     		add	sp, sp, #8
 107              		@ sp needed
 108 0028 70BD     		pop	{r4, r5, r6, pc}
 109              		.cfi_endproc
 110              	.LFE57:
 112 002a 00BF     		.section	.text.UARTPuts_,"ax",%progbits
 113              		.align	2
 114              		.global	UARTPuts_
 115              		.thumb
 116              		.thumb_func
 118              	UARTPuts_:
 119              	.LFB58:
  88:./Drivers/source/debug_frmwrk.c **** 
  89:./Drivers/source/debug_frmwrk.c **** 
  90:./Drivers/source/debug_frmwrk.c **** /*********************************************************************//**
  91:./Drivers/source/debug_frmwrk.c ****  * @brief		Puts a string to UART port and print new line
  92:./Drivers/source/debug_frmwrk.c ****  * @param[in]	UARTx	Pointer to UART peripheral
  93:./Drivers/source/debug_frmwrk.c ****  * @param[in]	str		String to put
  94:./Drivers/source/debug_frmwrk.c ****  * @return		None
  95:./Drivers/source/debug_frmwrk.c ****  **********************************************************************/
  96:./Drivers/source/debug_frmwrk.c **** void UARTPuts_(LPC_UART_TypeDef *UARTx, const void *str)
  97:./Drivers/source/debug_frmwrk.c **** {
 120              		.loc 1 97 0
 121              		.cfi_startproc
 122              		@ args = 0, pretend = 0, frame = 0
 123              		@ frame_needed = 0, uses_anonymous_args = 0
 124              	.LVL9:
 125 0000 10B5     		push	{r4, lr}
 126              		.cfi_def_cfa_offset 8
 127              		.cfi_offset 4, -8
 128              		.cfi_offset 14, -4
 129              		.loc 1 97 0
 130 0002 0446     		mov	r4, r0
  98:./Drivers/source/debug_frmwrk.c **** 	UARTPuts (UARTx, str);
 131              		.loc 1 98 0
 132 0004 FFF7FEFF 		bl	UARTPuts
 133              	.LVL10:
  99:./Drivers/source/debug_frmwrk.c **** 	UARTPuts (UARTx, "\n\r");
 134              		.loc 1 99 0
 135 0008 2046     		mov	r0, r4
 136 000a 0249     		ldr	r1, .L11
 100:./Drivers/source/debug_frmwrk.c **** }
 137              		.loc 1 100 0
 138 000c BDE81040 		pop	{r4, lr}
 139              	.LVL11:
  99:./Drivers/source/debug_frmwrk.c **** 	UARTPuts (UARTx, "\n\r");
 140              		.loc 1 99 0
 141 0010 FFF7FEBF 		b	UARTPuts
 142              	.LVL12:
 143              	.L12:
 144              		.align	2
 145              	.L11:
 146 0014 00000000 		.word	.LC0
 147              		.cfi_endproc
 148              	.LFE58:
 150              		.section	.text.UARTPutDec,"ax",%progbits
 151              		.align	2
 152              		.global	UARTPutDec
 153              		.thumb
 154              		.thumb_func
 156              	UARTPutDec:
 157              	.LFB59:
 101:./Drivers/source/debug_frmwrk.c **** 
 102:./Drivers/source/debug_frmwrk.c **** 
 103:./Drivers/source/debug_frmwrk.c **** /*********************************************************************//**
 104:./Drivers/source/debug_frmwrk.c ****  * @brief		Puts a decimal number to UART port
 105:./Drivers/source/debug_frmwrk.c ****  * @param[in]	UARTx	Pointer to UART peripheral
 106:./Drivers/source/debug_frmwrk.c ****  * @param[in]	decnum	Decimal number (8-bit long)
 107:./Drivers/source/debug_frmwrk.c ****  * @return		None
 108:./Drivers/source/debug_frmwrk.c ****  **********************************************************************/
 109:./Drivers/source/debug_frmwrk.c **** void UARTPutDec(LPC_UART_TypeDef *UARTx, uint8_t decnum)
 110:./Drivers/source/debug_frmwrk.c **** {
 158              		.loc 1 110 0
 159              		.cfi_startproc
 160              		@ args = 0, pretend = 0, frame = 8
 161              		@ frame_needed = 0, uses_anonymous_args = 0
 162              	.LVL13:
 111:./Drivers/source/debug_frmwrk.c **** 	uint8_t c1=decnum%10;
 112:./Drivers/source/debug_frmwrk.c **** 	uint8_t c2=(decnum/10)%10;
 113:./Drivers/source/debug_frmwrk.c **** 	uint8_t c3=(decnum/100)%10;
 163              		.loc 1 113 0
 164 0000 194B     		ldr	r3, .L14
 110:./Drivers/source/debug_frmwrk.c **** {
 165              		.loc 1 110 0
 166 0002 F0B5     		push	{r4, r5, r6, r7, lr}
 167              		.cfi_def_cfa_offset 20
 168              		.cfi_offset 4, -20
 169              		.cfi_offset 5, -16
 170              		.cfi_offset 6, -12
 171              		.cfi_offset 7, -8
 172              		.cfi_offset 14, -4
 173              		.loc 1 113 0
 174 0004 A3FB0123 		umull	r2, r3, r3, r1
 110:./Drivers/source/debug_frmwrk.c **** {
 175              		.loc 1 110 0
 176 0008 83B0     		sub	sp, sp, #12
 177              		.cfi_def_cfa_offset 32
 178              		.loc 1 113 0
 179 000a 5B09     		lsrs	r3, r3, #5
 180              	.LBB48:
 181              	.LBB49:
  56:./Drivers/source/debug_frmwrk.c **** 	UART_Send(UARTx, &ch, 1, BLOCKING);
 182              		.loc 1 56 0
 183 000c 0122     		movs	r2, #1
 184              	.LBE49:
 185              	.LBE48:
 110:./Drivers/source/debug_frmwrk.c **** {
 186              		.loc 1 110 0
 187 000e 0C46     		mov	r4, r1
 188              	.LVL14:
 114:./Drivers/source/debug_frmwrk.c **** 	UARTPutChar(UARTx, '0'+c3);
 189              		.loc 1 114 0
 190 0010 3033     		adds	r3, r3, #48
 191 0012 02A9     		add	r1, sp, #8
 192              	.LVL15:
 113:./Drivers/source/debug_frmwrk.c **** 	uint8_t c3=(decnum/100)%10;
 193              		.loc 1 113 0
 194 0014 154F     		ldr	r7, .L14+4
 195 0016 01F8033D 		strb	r3, [r1, #-3]!
 196              	.LBB52:
 197              	.LBB50:
  56:./Drivers/source/debug_frmwrk.c **** 	UART_Send(UARTx, &ch, 1, BLOCKING);
 198              		.loc 1 56 0
 199 001a 1346     		mov	r3, r2
 200              	.LBE50:
 201              	.LBE52:
 110:./Drivers/source/debug_frmwrk.c **** {
 202              		.loc 1 110 0
 203 001c 0646     		mov	r6, r0
 204              	.LVL16:
 205              	.LBB53:
 206              	.LBB51:
  56:./Drivers/source/debug_frmwrk.c **** 	UART_Send(UARTx, &ch, 1, BLOCKING);
 207              		.loc 1 56 0
 208 001e FFF7FEFF 		bl	UART_Send
 209              	.LVL17:
 210              	.LBE51:
 211              	.LBE53:
 112:./Drivers/source/debug_frmwrk.c **** 	uint8_t c2=(decnum/10)%10;
 212              		.loc 1 112 0
 213 0022 A7FB0435 		umull	r3, r5, r7, r4
 214 0026 ED08     		lsrs	r5, r5, #3
 215 0028 EBB2     		uxtb	r3, r5
 216 002a A7FB0327 		umull	r2, r7, r7, r3
 217 002e FF08     		lsrs	r7, r7, #3
 218 0030 07EB8707 		add	r7, r7, r7, lsl #2
 219 0034 A3EB4703 		sub	r3, r3, r7, lsl #1
 220 0038 02A9     		add	r1, sp, #8
 221              	.LBB54:
 222              	.LBB55:
  56:./Drivers/source/debug_frmwrk.c **** 	UART_Send(UARTx, &ch, 1, BLOCKING);
 223              		.loc 1 56 0
 224 003a 0122     		movs	r2, #1
 225              	.LBE55:
 226              	.LBE54:
 115:./Drivers/source/debug_frmwrk.c **** 	UARTPutChar(UARTx, '0'+c2);
 227              		.loc 1 115 0
 228 003c 3033     		adds	r3, r3, #48
 111:./Drivers/source/debug_frmwrk.c **** 	uint8_t c1=decnum%10;
 229              		.loc 1 111 0
 230 003e 05EB8505 		add	r5, r5, r5, lsl #2
 231 0042 01F8023D 		strb	r3, [r1, #-2]!
 232              	.LVL18:
 233              	.LBB58:
 234              	.LBB56:
  56:./Drivers/source/debug_frmwrk.c **** 	UART_Send(UARTx, &ch, 1, BLOCKING);
 235              		.loc 1 56 0
 236 0046 3046     		mov	r0, r6
 237 0048 1346     		mov	r3, r2
 238              	.LBE56:
 239              	.LBE58:
 111:./Drivers/source/debug_frmwrk.c **** 	uint8_t c1=decnum%10;
 240              		.loc 1 111 0
 241 004a A4EB4504 		sub	r4, r4, r5, lsl #1
 242              	.LVL19:
 243              	.LBB59:
 244              	.LBB57:
  56:./Drivers/source/debug_frmwrk.c **** 	UART_Send(UARTx, &ch, 1, BLOCKING);
 245              		.loc 1 56 0
 246 004e FFF7FEFF 		bl	UART_Send
 247              	.LVL20:
 248              	.LBE57:
 249              	.LBE59:
 116:./Drivers/source/debug_frmwrk.c **** 	UARTPutChar(UARTx, '0'+c1);
 250              		.loc 1 116 0
 251 0052 3034     		adds	r4, r4, #48
 252 0054 02A9     		add	r1, sp, #8
 253              	.LBB60:
 254              	.LBB61:
  56:./Drivers/source/debug_frmwrk.c **** 	UART_Send(UARTx, &ch, 1, BLOCKING);
 255              		.loc 1 56 0
 256 0056 0122     		movs	r2, #1
 257 0058 01F8014D 		strb	r4, [r1, #-1]!
 258              	.LVL21:
 259 005c 3046     		mov	r0, r6
 260 005e 1346     		mov	r3, r2
 261 0060 FFF7FEFF 		bl	UART_Send
 262              	.LVL22:
 263              	.LBE61:
 264              	.LBE60:
 117:./Drivers/source/debug_frmwrk.c **** }
 265              		.loc 1 117 0
 266 0064 03B0     		add	sp, sp, #12
 267              		@ sp needed
 268 0066 F0BD     		pop	{r4, r5, r6, r7, pc}
 269              	.LVL23:
 270              	.L15:
 271              		.align	2
 272              	.L14:
 273 0068 1F85EB51 		.word	1374389535
 274 006c CDCCCCCC 		.word	-858993459
 275              		.cfi_endproc
 276              	.LFE59:
 278              		.section	.text.UARTPutDec16,"ax",%progbits
 279              		.align	2
 280              		.global	UARTPutDec16
 281              		.thumb
 282              		.thumb_func
 284              	UARTPutDec16:
 285              	.LFB60:
 118:./Drivers/source/debug_frmwrk.c **** 
 119:./Drivers/source/debug_frmwrk.c **** /*********************************************************************//**
 120:./Drivers/source/debug_frmwrk.c ****  * @brief		Puts a decimal number to UART port
 121:./Drivers/source/debug_frmwrk.c ****  * @param[in]	UARTx	Pointer to UART peripheral
 122:./Drivers/source/debug_frmwrk.c ****  * @param[in]	decnum	Decimal number (8-bit long)
 123:./Drivers/source/debug_frmwrk.c ****  * @return		None
 124:./Drivers/source/debug_frmwrk.c ****  **********************************************************************/
 125:./Drivers/source/debug_frmwrk.c **** void UARTPutDec16(LPC_UART_TypeDef *UARTx, uint16_t decnum)
 126:./Drivers/source/debug_frmwrk.c **** {
 286              		.loc 1 126 0
 287              		.cfi_startproc
 288              		@ args = 0, pretend = 0, frame = 8
 289              		@ frame_needed = 0, uses_anonymous_args = 0
 290              	.LVL24:
 127:./Drivers/source/debug_frmwrk.c **** 	uint8_t c1=decnum%10;
 128:./Drivers/source/debug_frmwrk.c **** 	uint8_t c2=(decnum/10)%10;
 129:./Drivers/source/debug_frmwrk.c **** 	uint8_t c3=(decnum/100)%10;
 130:./Drivers/source/debug_frmwrk.c **** 	uint8_t c4=(decnum/1000)%10;
 131:./Drivers/source/debug_frmwrk.c **** 	uint8_t c5=(decnum/10000)%10;
 291              		.loc 1 131 0
 292 0000 2D4B     		ldr	r3, .L17
 126:./Drivers/source/debug_frmwrk.c **** {
 293              		.loc 1 126 0
 294 0002 F0B5     		push	{r4, r5, r6, r7, lr}
 295              		.cfi_def_cfa_offset 20
 296              		.cfi_offset 4, -20
 297              		.cfi_offset 5, -16
 298              		.cfi_offset 6, -12
 299              		.cfi_offset 7, -8
 300              		.cfi_offset 14, -4
 301 0004 0C46     		mov	r4, r1
 302              	.LVL25:
 303              		.loc 1 131 0
 304 0006 A3FB0413 		umull	r1, r3, r3, r4
 305              	.LVL26:
 126:./Drivers/source/debug_frmwrk.c **** {
 306              		.loc 1 126 0
 307 000a 83B0     		sub	sp, sp, #12
 308              		.cfi_def_cfa_offset 32
 309              		.loc 1 131 0
 310 000c 5B0B     		lsrs	r3, r3, #13
 311 000e 02A9     		add	r1, sp, #8
 312              	.LBB62:
 313              	.LBB63:
  56:./Drivers/source/debug_frmwrk.c **** 	UART_Send(UARTx, &ch, 1, BLOCKING);
 314              		.loc 1 56 0
 315 0010 0122     		movs	r2, #1
 316              	.LBE63:
 317              	.LBE62:
 132:./Drivers/source/debug_frmwrk.c **** 	UARTPutChar(UARTx, '0'+c5);
 318              		.loc 1 132 0
 319 0012 3033     		adds	r3, r3, #48
 320 0014 01F8053D 		strb	r3, [r1, #-5]!
 321              	.LBB66:
 322              	.LBB64:
  56:./Drivers/source/debug_frmwrk.c **** 	UART_Send(UARTx, &ch, 1, BLOCKING);
 323              		.loc 1 56 0
 324 0018 1346     		mov	r3, r2
 325              	.LBE64:
 326              	.LBE66:
 126:./Drivers/source/debug_frmwrk.c **** {
 327              		.loc 1 126 0
 328 001a 0546     		mov	r5, r0
 329              	.LVL27:
 330              	.LBB67:
 331              	.LBB65:
  56:./Drivers/source/debug_frmwrk.c **** 	UART_Send(UARTx, &ch, 1, BLOCKING);
 332              		.loc 1 56 0
 333 001c FFF7FEFF 		bl	UART_Send
 334              	.LVL28:
 335              	.LBE65:
 336              	.LBE67:
 130:./Drivers/source/debug_frmwrk.c **** 	uint8_t c4=(decnum/1000)%10;
 337              		.loc 1 130 0
 338 0020 264B     		ldr	r3, .L17+4
 131:./Drivers/source/debug_frmwrk.c **** 	uint8_t c5=(decnum/10000)%10;
 339              		.loc 1 131 0
 340 0022 274E     		ldr	r6, .L17+8
 130:./Drivers/source/debug_frmwrk.c **** 	uint8_t c4=(decnum/1000)%10;
 341              		.loc 1 130 0
 342 0024 A3FB0423 		umull	r2, r3, r3, r4
 343 0028 9B09     		lsrs	r3, r3, #6
 344 002a A6FB0302 		umull	r0, r2, r6, r3
 345 002e D208     		lsrs	r2, r2, #3
 346 0030 02EB8202 		add	r2, r2, r2, lsl #2
 347 0034 A3EB4203 		sub	r3, r3, r2, lsl #1
 348 0038 02A9     		add	r1, sp, #8
 349              	.LBB68:
 350              	.LBB69:
  56:./Drivers/source/debug_frmwrk.c **** 	UART_Send(UARTx, &ch, 1, BLOCKING);
 351              		.loc 1 56 0
 352 003a 0122     		movs	r2, #1
 353              	.LBE69:
 354              	.LBE68:
 133:./Drivers/source/debug_frmwrk.c **** 	UARTPutChar(UARTx, '0'+c4);
 355              		.loc 1 133 0
 356 003c 3033     		adds	r3, r3, #48
 357 003e 01F8043D 		strb	r3, [r1, #-4]!
 358              	.LVL29:
 359              	.LBB71:
 360              	.LBB70:
  56:./Drivers/source/debug_frmwrk.c **** 	UART_Send(UARTx, &ch, 1, BLOCKING);
 361              		.loc 1 56 0
 362 0042 2846     		mov	r0, r5
 363 0044 1346     		mov	r3, r2
 364 0046 FFF7FEFF 		bl	UART_Send
 365              	.LVL30:
 366              	.LBE70:
 367              	.LBE71:
 129:./Drivers/source/debug_frmwrk.c **** 	uint8_t c3=(decnum/100)%10;
 368              		.loc 1 129 0
 369 004a 1E4B     		ldr	r3, .L17+12
 370 004c 02A9     		add	r1, sp, #8
 371 004e A3FB0423 		umull	r2, r3, r3, r4
 372 0052 5B09     		lsrs	r3, r3, #5
 373 0054 A6FB0302 		umull	r0, r2, r6, r3
 374 0058 D208     		lsrs	r2, r2, #3
 375 005a 02EB8202 		add	r2, r2, r2, lsl #2
 376 005e A3EB4203 		sub	r3, r3, r2, lsl #1
 134:./Drivers/source/debug_frmwrk.c **** 	UARTPutChar(UARTx, '0'+c3);
 377              		.loc 1 134 0
 378 0062 3033     		adds	r3, r3, #48
 379              	.LBB72:
 380              	.LBB73:
  56:./Drivers/source/debug_frmwrk.c **** 	UART_Send(UARTx, &ch, 1, BLOCKING);
 381              		.loc 1 56 0
 382 0064 0122     		movs	r2, #1
 383 0066 01F8033D 		strb	r3, [r1, #-3]!
 384              	.LVL31:
 385 006a 2846     		mov	r0, r5
 386 006c 1346     		mov	r3, r2
 387 006e FFF7FEFF 		bl	UART_Send
 388              	.LVL32:
 389              	.LBE73:
 390              	.LBE72:
 128:./Drivers/source/debug_frmwrk.c **** 	uint8_t c2=(decnum/10)%10;
 391              		.loc 1 128 0
 392 0072 A6FB0417 		umull	r1, r7, r6, r4
 393 0076 FF08     		lsrs	r7, r7, #3
 394 0078 BBB2     		uxth	r3, r7
 395 007a A6FB0326 		umull	r2, r6, r6, r3
 396 007e F608     		lsrs	r6, r6, #3
 397 0080 06EB8606 		add	r6, r6, r6, lsl #2
 398 0084 A3EB4603 		sub	r3, r3, r6, lsl #1
 399 0088 02A9     		add	r1, sp, #8
 400              	.LBB74:
 401              	.LBB75:
  56:./Drivers/source/debug_frmwrk.c **** 	UART_Send(UARTx, &ch, 1, BLOCKING);
 402              		.loc 1 56 0
 403 008a 0122     		movs	r2, #1
 404              	.LBE75:
 405              	.LBE74:
 135:./Drivers/source/debug_frmwrk.c **** 	UARTPutChar(UARTx, '0'+c2);
 406              		.loc 1 135 0
 407 008c 3033     		adds	r3, r3, #48
 127:./Drivers/source/debug_frmwrk.c **** 	uint8_t c1=decnum%10;
 408              		.loc 1 127 0
 409 008e 07EB8707 		add	r7, r7, r7, lsl #2
 410 0092 01F8023D 		strb	r3, [r1, #-2]!
 411              	.LVL33:
 412              	.LBB78:
 413              	.LBB76:
  56:./Drivers/source/debug_frmwrk.c **** 	UART_Send(UARTx, &ch, 1, BLOCKING);
 414              		.loc 1 56 0
 415 0096 2846     		mov	r0, r5
 416 0098 1346     		mov	r3, r2
 417              	.LBE76:
 418              	.LBE78:
 127:./Drivers/source/debug_frmwrk.c **** 	uint8_t c1=decnum%10;
 419              		.loc 1 127 0
 420 009a A4EB4704 		sub	r4, r4, r7, lsl #1
 421              	.LVL34:
 422              	.LBB79:
 423              	.LBB77:
  56:./Drivers/source/debug_frmwrk.c **** 	UART_Send(UARTx, &ch, 1, BLOCKING);
 424              		.loc 1 56 0
 425 009e FFF7FEFF 		bl	UART_Send
 426              	.LVL35:
 427              	.LBE77:
 428              	.LBE79:
 136:./Drivers/source/debug_frmwrk.c **** 	UARTPutChar(UARTx, '0'+c1);
 429              		.loc 1 136 0
 430 00a2 3034     		adds	r4, r4, #48
 431 00a4 02A9     		add	r1, sp, #8
 432              	.LBB80:
 433              	.LBB81:
  56:./Drivers/source/debug_frmwrk.c **** 	UART_Send(UARTx, &ch, 1, BLOCKING);
 434              		.loc 1 56 0
 435 00a6 0122     		movs	r2, #1
 436 00a8 01F8014D 		strb	r4, [r1, #-1]!
 437              	.LVL36:
 438 00ac 2846     		mov	r0, r5
 439 00ae 1346     		mov	r3, r2
 440 00b0 FFF7FEFF 		bl	UART_Send
 441              	.LVL37:
 442              	.LBE81:
 443              	.LBE80:
 137:./Drivers/source/debug_frmwrk.c **** }
 444              		.loc 1 137 0
 445 00b4 03B0     		add	sp, sp, #12
 446              		@ sp needed
 447 00b6 F0BD     		pop	{r4, r5, r6, r7, pc}
 448              	.LVL38:
 449              	.L18:
 450              		.align	2
 451              	.L17:
 452 00b8 5917B7D1 		.word	-776530087
 453 00bc D34D6210 		.word	274877907
 454 00c0 CDCCCCCC 		.word	-858993459
 455 00c4 1F85EB51 		.word	1374389535
 456              		.cfi_endproc
 457              	.LFE60:
 459              		.section	.text.UARTPutDec32,"ax",%progbits
 460              		.align	2
 461              		.global	UARTPutDec32
 462              		.thumb
 463              		.thumb_func
 465              	UARTPutDec32:
 466              	.LFB61:
 138:./Drivers/source/debug_frmwrk.c **** 
 139:./Drivers/source/debug_frmwrk.c **** /*********************************************************************//**
 140:./Drivers/source/debug_frmwrk.c ****  * @brief		Puts a decimal number to UART port
 141:./Drivers/source/debug_frmwrk.c ****  * @param[in]	UARTx	Pointer to UART peripheral
 142:./Drivers/source/debug_frmwrk.c ****  * @param[in]	decnum	Decimal number (8-bit long)
 143:./Drivers/source/debug_frmwrk.c ****  * @return		None
 144:./Drivers/source/debug_frmwrk.c ****  **********************************************************************/
 145:./Drivers/source/debug_frmwrk.c **** void UARTPutDec32(LPC_UART_TypeDef *UARTx, uint32_t decnum)
 146:./Drivers/source/debug_frmwrk.c **** {
 467              		.loc 1 146 0
 468              		.cfi_startproc
 469              		@ args = 0, pretend = 0, frame = 16
 470              		@ frame_needed = 0, uses_anonymous_args = 0
 471              	.LVL39:
 147:./Drivers/source/debug_frmwrk.c **** 	uint8_t c1=decnum%10;
 148:./Drivers/source/debug_frmwrk.c **** 	uint8_t c2=(decnum/10)%10;
 149:./Drivers/source/debug_frmwrk.c **** 	uint8_t c3=(decnum/100)%10;
 150:./Drivers/source/debug_frmwrk.c **** 	uint8_t c4=(decnum/1000)%10;
 151:./Drivers/source/debug_frmwrk.c **** 	uint8_t c5=(decnum/10000)%10;
 152:./Drivers/source/debug_frmwrk.c **** 	uint8_t c6=(decnum/100000)%10;
 153:./Drivers/source/debug_frmwrk.c **** 	uint8_t c7=(decnum/1000000)%10;
 154:./Drivers/source/debug_frmwrk.c **** 	uint8_t c8=(decnum/10000000)%10;
 155:./Drivers/source/debug_frmwrk.c **** 	uint8_t c9=(decnum/100000000)%10;
 156:./Drivers/source/debug_frmwrk.c **** 	uint8_t c10=(decnum/1000000000)%10;
 472              		.loc 1 156 0
 473 0000 604B     		ldr	r3, .L20
 146:./Drivers/source/debug_frmwrk.c **** {
 474              		.loc 1 146 0
 475 0002 F0B5     		push	{r4, r5, r6, r7, lr}
 476              		.cfi_def_cfa_offset 20
 477              		.cfi_offset 4, -20
 478              		.cfi_offset 5, -16
 479              		.cfi_offset 6, -12
 480              		.cfi_offset 7, -8
 481              		.cfi_offset 14, -4
 482              		.loc 1 156 0
 483 0004 4A0A     		lsrs	r2, r1, #9
 146:./Drivers/source/debug_frmwrk.c **** {
 484              		.loc 1 146 0
 485 0006 0C46     		mov	r4, r1
 486              	.LVL40:
 487              		.loc 1 156 0
 488 0008 A3FB0213 		umull	r1, r3, r3, r2
 489              	.LVL41:
 146:./Drivers/source/debug_frmwrk.c **** {
 490              		.loc 1 146 0
 491 000c 85B0     		sub	sp, sp, #20
 492              		.cfi_def_cfa_offset 40
 493              		.loc 1 156 0
 494 000e DB09     		lsrs	r3, r3, #7
 495 0010 04A9     		add	r1, sp, #16
 496              	.LBB82:
 497              	.LBB83:
  56:./Drivers/source/debug_frmwrk.c **** 	UART_Send(UARTx, &ch, 1, BLOCKING);
 498              		.loc 1 56 0
 499 0012 0122     		movs	r2, #1
 500              	.LBE83:
 501              	.LBE82:
 157:./Drivers/source/debug_frmwrk.c **** 	UARTPutChar(UARTx, '0'+c10);
 502              		.loc 1 157 0
 503 0014 3033     		adds	r3, r3, #48
 504 0016 01F80A3D 		strb	r3, [r1, #-10]!
 505              	.LBB86:
 506              	.LBB84:
  56:./Drivers/source/debug_frmwrk.c **** 	UART_Send(UARTx, &ch, 1, BLOCKING);
 507              		.loc 1 56 0
 508 001a 1346     		mov	r3, r2
 509              	.LBE84:
 510              	.LBE86:
 146:./Drivers/source/debug_frmwrk.c **** {
 511              		.loc 1 146 0
 512 001c 0546     		mov	r5, r0
 513              	.LVL42:
 514              	.LBB87:
 515              	.LBB85:
  56:./Drivers/source/debug_frmwrk.c **** 	UART_Send(UARTx, &ch, 1, BLOCKING);
 516              		.loc 1 56 0
 517 001e FFF7FEFF 		bl	UART_Send
 518              	.LVL43:
 519              	.LBE85:
 520              	.LBE87:
 155:./Drivers/source/debug_frmwrk.c **** 	uint8_t c9=(decnum/100000000)%10;
 521              		.loc 1 155 0
 522 0022 594B     		ldr	r3, .L20+4
 156:./Drivers/source/debug_frmwrk.c **** 	uint8_t c10=(decnum/1000000000)%10;
 523              		.loc 1 156 0
 524 0024 594E     		ldr	r6, .L20+8
 155:./Drivers/source/debug_frmwrk.c **** 	uint8_t c9=(decnum/100000000)%10;
 525              		.loc 1 155 0
 526 0026 A3FB0423 		umull	r2, r3, r3, r4
 527 002a 5B0E     		lsrs	r3, r3, #25
 528 002c A6FB0302 		umull	r0, r2, r6, r3
 529 0030 D208     		lsrs	r2, r2, #3
 530 0032 02EB8202 		add	r2, r2, r2, lsl #2
 531 0036 A3EB4203 		sub	r3, r3, r2, lsl #1
 532 003a 04A9     		add	r1, sp, #16
 533              	.LBB88:
 534              	.LBB89:
  56:./Drivers/source/debug_frmwrk.c **** 	UART_Send(UARTx, &ch, 1, BLOCKING);
 535              		.loc 1 56 0
 536 003c 0122     		movs	r2, #1
 537              	.LBE89:
 538              	.LBE88:
 158:./Drivers/source/debug_frmwrk.c **** 	UARTPutChar(UARTx, '0'+c9);
 539              		.loc 1 158 0
 540 003e 3033     		adds	r3, r3, #48
 541 0040 01F8093D 		strb	r3, [r1, #-9]!
 542              	.LVL44:
 543              	.LBB91:
 544              	.LBB90:
  56:./Drivers/source/debug_frmwrk.c **** 	UART_Send(UARTx, &ch, 1, BLOCKING);
 545              		.loc 1 56 0
 546 0044 2846     		mov	r0, r5
 547 0046 1346     		mov	r3, r2
 548 0048 FFF7FEFF 		bl	UART_Send
 549              	.LVL45:
 550              	.LBE90:
 551              	.LBE91:
 154:./Drivers/source/debug_frmwrk.c **** 	uint8_t c8=(decnum/10000000)%10;
 552              		.loc 1 154 0
 553 004c 504B     		ldr	r3, .L20+12
 554 004e 04A9     		add	r1, sp, #16
 555 0050 A3FB0423 		umull	r2, r3, r3, r4
 556 0054 9B0D     		lsrs	r3, r3, #22
 557 0056 A6FB0302 		umull	r0, r2, r6, r3
 558 005a D208     		lsrs	r2, r2, #3
 559 005c 02EB8202 		add	r2, r2, r2, lsl #2
 560 0060 A3EB4203 		sub	r3, r3, r2, lsl #1
 159:./Drivers/source/debug_frmwrk.c **** 	UARTPutChar(UARTx, '0'+c8);
 561              		.loc 1 159 0
 562 0064 3033     		adds	r3, r3, #48
 563              	.LBB92:
 564              	.LBB93:
  56:./Drivers/source/debug_frmwrk.c **** 	UART_Send(UARTx, &ch, 1, BLOCKING);
 565              		.loc 1 56 0
 566 0066 0122     		movs	r2, #1
 567 0068 01F8083D 		strb	r3, [r1, #-8]!
 568              	.LVL46:
 569 006c 2846     		mov	r0, r5
 570 006e 1346     		mov	r3, r2
 571 0070 FFF7FEFF 		bl	UART_Send
 572              	.LVL47:
 573              	.LBE93:
 574              	.LBE92:
 153:./Drivers/source/debug_frmwrk.c **** 	uint8_t c7=(decnum/1000000)%10;
 575              		.loc 1 153 0
 576 0074 474B     		ldr	r3, .L20+16
 577 0076 04A9     		add	r1, sp, #16
 578 0078 A3FB0423 		umull	r2, r3, r3, r4
 579 007c 9B0C     		lsrs	r3, r3, #18
 580 007e A6FB0302 		umull	r0, r2, r6, r3
 581 0082 D208     		lsrs	r2, r2, #3
 582 0084 02EB8202 		add	r2, r2, r2, lsl #2
 583 0088 A3EB4203 		sub	r3, r3, r2, lsl #1
 160:./Drivers/source/debug_frmwrk.c **** 	UARTPutChar(UARTx, '0'+c7);
 584              		.loc 1 160 0
 585 008c 3033     		adds	r3, r3, #48
 586              	.LBB94:
 587              	.LBB95:
  56:./Drivers/source/debug_frmwrk.c **** 	UART_Send(UARTx, &ch, 1, BLOCKING);
 588              		.loc 1 56 0
 589 008e 0122     		movs	r2, #1
 590 0090 01F8073D 		strb	r3, [r1, #-7]!
 591              	.LVL48:
 592 0094 2846     		mov	r0, r5
 593 0096 1346     		mov	r3, r2
 594 0098 FFF7FEFF 		bl	UART_Send
 595              	.LVL49:
 596              	.LBE95:
 597              	.LBE94:
 152:./Drivers/source/debug_frmwrk.c **** 	uint8_t c6=(decnum/100000)%10;
 598              		.loc 1 152 0
 599 009c 3E4B     		ldr	r3, .L20+20
 600 009e 6209     		lsrs	r2, r4, #5
 601 00a0 A3FB0213 		umull	r1, r3, r3, r2
 602 00a4 DB09     		lsrs	r3, r3, #7
 603 00a6 A6FB0302 		umull	r0, r2, r6, r3
 604 00aa D208     		lsrs	r2, r2, #3
 605 00ac 02EB8202 		add	r2, r2, r2, lsl #2
 606 00b0 A3EB4203 		sub	r3, r3, r2, lsl #1
 607 00b4 04A9     		add	r1, sp, #16
 608              	.LBB96:
 609              	.LBB97:
  56:./Drivers/source/debug_frmwrk.c **** 	UART_Send(UARTx, &ch, 1, BLOCKING);
 610              		.loc 1 56 0
 611 00b6 0122     		movs	r2, #1
 612              	.LBE97:
 613              	.LBE96:
 161:./Drivers/source/debug_frmwrk.c **** 	UARTPutChar(UARTx, '0'+c6);
 614              		.loc 1 161 0
 615 00b8 3033     		adds	r3, r3, #48
 616 00ba 01F8063D 		strb	r3, [r1, #-6]!
 617              	.LVL50:
 618              	.LBB99:
 619              	.LBB98:
  56:./Drivers/source/debug_frmwrk.c **** 	UART_Send(UARTx, &ch, 1, BLOCKING);
 620              		.loc 1 56 0
 621 00be 2846     		mov	r0, r5
 622 00c0 1346     		mov	r3, r2
 623 00c2 FFF7FEFF 		bl	UART_Send
 624              	.LVL51:
 625              	.LBE98:
 626              	.LBE99:
 151:./Drivers/source/debug_frmwrk.c **** 	uint8_t c5=(decnum/10000)%10;
 627              		.loc 1 151 0
 628 00c6 354B     		ldr	r3, .L20+24
 629 00c8 04A9     		add	r1, sp, #16
 630 00ca A3FB0423 		umull	r2, r3, r3, r4
 631 00ce 5B0B     		lsrs	r3, r3, #13
 632 00d0 A6FB0302 		umull	r0, r2, r6, r3
 633 00d4 D208     		lsrs	r2, r2, #3
 634 00d6 02EB8202 		add	r2, r2, r2, lsl #2
 635 00da A3EB4203 		sub	r3, r3, r2, lsl #1
 162:./Drivers/source/debug_frmwrk.c **** 	UARTPutChar(UARTx, '0'+c5);
 636              		.loc 1 162 0
 637 00de 3033     		adds	r3, r3, #48
 638              	.LBB100:
 639              	.LBB101:
  56:./Drivers/source/debug_frmwrk.c **** 	UART_Send(UARTx, &ch, 1, BLOCKING);
 640              		.loc 1 56 0
 641 00e0 0122     		movs	r2, #1
 642 00e2 01F8053D 		strb	r3, [r1, #-5]!
 643              	.LVL52:
 644 00e6 2846     		mov	r0, r5
 645 00e8 1346     		mov	r3, r2
 646 00ea FFF7FEFF 		bl	UART_Send
 647              	.LVL53:
 648              	.LBE101:
 649              	.LBE100:
 150:./Drivers/source/debug_frmwrk.c **** 	uint8_t c4=(decnum/1000)%10;
 650              		.loc 1 150 0
 651 00ee 2C4B     		ldr	r3, .L20+28
 652 00f0 04A9     		add	r1, sp, #16
 653 00f2 A3FB0423 		umull	r2, r3, r3, r4
 654 00f6 9B09     		lsrs	r3, r3, #6
 655 00f8 A6FB0302 		umull	r0, r2, r6, r3
 656 00fc D208     		lsrs	r2, r2, #3
 657 00fe 02EB8202 		add	r2, r2, r2, lsl #2
 658 0102 A3EB4203 		sub	r3, r3, r2, lsl #1
 163:./Drivers/source/debug_frmwrk.c **** 	UARTPutChar(UARTx, '0'+c4);
 659              		.loc 1 163 0
 660 0106 3033     		adds	r3, r3, #48
 661              	.LBB102:
 662              	.LBB103:
  56:./Drivers/source/debug_frmwrk.c **** 	UART_Send(UARTx, &ch, 1, BLOCKING);
 663              		.loc 1 56 0
 664 0108 0122     		movs	r2, #1
 665 010a 01F8043D 		strb	r3, [r1, #-4]!
 666              	.LVL54:
 667 010e 2846     		mov	r0, r5
 668 0110 1346     		mov	r3, r2
 669 0112 FFF7FEFF 		bl	UART_Send
 670              	.LVL55:
 671              	.LBE103:
 672              	.LBE102:
 149:./Drivers/source/debug_frmwrk.c **** 	uint8_t c3=(decnum/100)%10;
 673              		.loc 1 149 0
 674 0116 234B     		ldr	r3, .L20+32
 675 0118 04A9     		add	r1, sp, #16
 676 011a A3FB0423 		umull	r2, r3, r3, r4
 677 011e 5B09     		lsrs	r3, r3, #5
 678 0120 A6FB0302 		umull	r0, r2, r6, r3
 679 0124 D208     		lsrs	r2, r2, #3
 680 0126 02EB8202 		add	r2, r2, r2, lsl #2
 681 012a A3EB4203 		sub	r3, r3, r2, lsl #1
 164:./Drivers/source/debug_frmwrk.c **** 	UARTPutChar(UARTx, '0'+c3);
 682              		.loc 1 164 0
 683 012e 3033     		adds	r3, r3, #48
 684              	.LBB104:
 685              	.LBB105:
  56:./Drivers/source/debug_frmwrk.c **** 	UART_Send(UARTx, &ch, 1, BLOCKING);
 686              		.loc 1 56 0
 687 0130 0122     		movs	r2, #1
 688 0132 01F8033D 		strb	r3, [r1, #-3]!
 689              	.LVL56:
 690 0136 2846     		mov	r0, r5
 691 0138 1346     		mov	r3, r2
 692 013a FFF7FEFF 		bl	UART_Send
 693              	.LVL57:
 694              	.LBE105:
 695              	.LBE104:
 148:./Drivers/source/debug_frmwrk.c **** 	uint8_t c2=(decnum/10)%10;
 696              		.loc 1 148 0
 697 013e A6FB0417 		umull	r1, r7, r6, r4
 698 0142 FF08     		lsrs	r7, r7, #3
 699 0144 A6FB0726 		umull	r2, r6, r6, r7
 700 0148 F608     		lsrs	r6, r6, #3
 701 014a 06EB8606 		add	r6, r6, r6, lsl #2
 702 014e A7EB4606 		sub	r6, r7, r6, lsl #1
 703 0152 04A9     		add	r1, sp, #16
 704              	.LBB106:
 705              	.LBB107:
  56:./Drivers/source/debug_frmwrk.c **** 	UART_Send(UARTx, &ch, 1, BLOCKING);
 706              		.loc 1 56 0
 707 0154 0122     		movs	r2, #1
 708              	.LBE107:
 709              	.LBE106:
 165:./Drivers/source/debug_frmwrk.c **** 	UARTPutChar(UARTx, '0'+c2);
 710              		.loc 1 165 0
 711 0156 3036     		adds	r6, r6, #48
 147:./Drivers/source/debug_frmwrk.c **** 	uint8_t c1=decnum%10;
 712              		.loc 1 147 0
 713 0158 07EB8707 		add	r7, r7, r7, lsl #2
 714 015c 01F8026D 		strb	r6, [r1, #-2]!
 715              	.LVL58:
 716              	.LBB110:
 717              	.LBB108:
  56:./Drivers/source/debug_frmwrk.c **** 	UART_Send(UARTx, &ch, 1, BLOCKING);
 718              		.loc 1 56 0
 719 0160 1346     		mov	r3, r2
 720 0162 2846     		mov	r0, r5
 721              	.LBE108:
 722              	.LBE110:
 147:./Drivers/source/debug_frmwrk.c **** 	uint8_t c1=decnum%10;
 723              		.loc 1 147 0
 724 0164 A4EB4704 		sub	r4, r4, r7, lsl #1
 725              	.LVL59:
 726              	.LBB111:
 727              	.LBB109:
  56:./Drivers/source/debug_frmwrk.c **** 	UART_Send(UARTx, &ch, 1, BLOCKING);
 728              		.loc 1 56 0
 729 0168 FFF7FEFF 		bl	UART_Send
 730              	.LVL60:
 731              	.LBE109:
 732              	.LBE111:
 166:./Drivers/source/debug_frmwrk.c **** 	UARTPutChar(UARTx, '0'+c1);
 733              		.loc 1 166 0
 734 016c 3034     		adds	r4, r4, #48
 735 016e 04A9     		add	r1, sp, #16
 736              	.LBB112:
 737              	.LBB113:
  56:./Drivers/source/debug_frmwrk.c **** 	UART_Send(UARTx, &ch, 1, BLOCKING);
 738              		.loc 1 56 0
 739 0170 0122     		movs	r2, #1
 740 0172 01F8014D 		strb	r4, [r1, #-1]!
 741              	.LVL61:
 742 0176 2846     		mov	r0, r5
 743 0178 1346     		mov	r3, r2
 744 017a FFF7FEFF 		bl	UART_Send
 745              	.LVL62:
 746              	.LBE113:
 747              	.LBE112:
 167:./Drivers/source/debug_frmwrk.c **** }
 748              		.loc 1 167 0
 749 017e 05B0     		add	sp, sp, #20
 750              		@ sp needed
 751 0180 F0BD     		pop	{r4, r5, r6, r7, pc}
 752              	.LVL63:
 753              	.L21:
 754 0182 00BF     		.align	2
 755              	.L20:
 756 0184 834B0400 		.word	281475
 757 0188 893BE655 		.word	1441151881
 758 018c CDCCCCCC 		.word	-858993459
 759 0190 6BCA5F6B 		.word	1801439851
 760 0194 83DE1B43 		.word	1125899907
 761 0198 C55A7C0A 		.word	175921861
 762 019c 5917B7D1 		.word	-776530087
 763 01a0 D34D6210 		.word	274877907
 764 01a4 1F85EB51 		.word	1374389535
 765              		.cfi_endproc
 766              	.LFE61:
 768              		.section	.text.UARTPutHex,"ax",%progbits
 769              		.align	2
 770              		.global	UARTPutHex
 771              		.thumb
 772              		.thumb_func
 774              	UARTPutHex:
 775              	.LFB62:
 168:./Drivers/source/debug_frmwrk.c **** 
 169:./Drivers/source/debug_frmwrk.c **** /*********************************************************************//**
 170:./Drivers/source/debug_frmwrk.c ****  * @brief		Puts a hex number to UART port
 171:./Drivers/source/debug_frmwrk.c ****  * @param[in]	UARTx	Pointer to UART peripheral
 172:./Drivers/source/debug_frmwrk.c ****  * @param[in]	hexnum	Hex number (8-bit long)
 173:./Drivers/source/debug_frmwrk.c ****  * @return		None
 174:./Drivers/source/debug_frmwrk.c ****  **********************************************************************/
 175:./Drivers/source/debug_frmwrk.c **** void UARTPutHex (LPC_UART_TypeDef *UARTx, uint8_t hexnum)
 176:./Drivers/source/debug_frmwrk.c **** {
 776              		.loc 1 176 0
 777              		.cfi_startproc
 778              		@ args = 0, pretend = 0, frame = 8
 779              		@ frame_needed = 0, uses_anonymous_args = 0
 780              	.LVL64:
 781 0000 70B5     		push	{r4, r5, r6, lr}
 782              		.cfi_def_cfa_offset 16
 783              		.cfi_offset 4, -16
 784              		.cfi_offset 5, -12
 785              		.cfi_offset 6, -8
 786              		.cfi_offset 14, -4
 787 0002 0E46     		mov	r6, r1
 788 0004 82B0     		sub	sp, sp, #8
 789              		.cfi_def_cfa_offset 24
 177:./Drivers/source/debug_frmwrk.c **** 	uint8_t nibble, i;
 178:./Drivers/source/debug_frmwrk.c **** 
 179:./Drivers/source/debug_frmwrk.c **** 	UARTPuts(UARTx, "0x");
 790              		.loc 1 179 0
 791 0006 1149     		ldr	r1, .L27
 792              	.LVL65:
 176:./Drivers/source/debug_frmwrk.c **** {
 793              		.loc 1 176 0
 794 0008 0546     		mov	r5, r0
 795              		.loc 1 179 0
 796 000a FFF7FEFF 		bl	UARTPuts
 797              	.LVL66:
 180:./Drivers/source/debug_frmwrk.c **** 	i = 1;
 181:./Drivers/source/debug_frmwrk.c **** 	do {
 182:./Drivers/source/debug_frmwrk.c **** 		nibble = (hexnum >> (4*i)) & 0x0F;
 798              		.loc 1 182 0
 799 000e 3309     		lsrs	r3, r6, #4
 800              	.LVL67:
 183:./Drivers/source/debug_frmwrk.c **** 		UARTPutChar(UARTx, (nibble > 9) ? ('A' + nibble - 10) : ('0' + nibble));
 801              		.loc 1 183 0
 802 0010 092B     		cmp	r3, #9
 803 0012 94BF     		ite	ls
 804 0014 3033     		addls	r3, r3, #48
 805              	.LVL68:
 806 0016 3733     		addhi	r3, r3, #55
 807 0018 02AC     		add	r4, sp, #8
 808 001a 04F8013D 		strb	r3, [r4, #-1]!
 809              	.LVL69:
 810              	.LBB114:
 811              	.LBB115:
  56:./Drivers/source/debug_frmwrk.c **** 	UART_Send(UARTx, &ch, 1, BLOCKING);
 812              		.loc 1 56 0
 813 001e 0122     		movs	r2, #1
 814              	.LBE115:
 815              	.LBE114:
 182:./Drivers/source/debug_frmwrk.c **** 		nibble = (hexnum >> (4*i)) & 0x0F;
 816              		.loc 1 182 0
 817 0020 06F00F06 		and	r6, r6, #15
 818              	.LVL70:
 819              	.LBB119:
 820              	.LBB116:
  56:./Drivers/source/debug_frmwrk.c **** 	UART_Send(UARTx, &ch, 1, BLOCKING);
 821              		.loc 1 56 0
 822 0024 2146     		mov	r1, r4
 823 0026 1346     		mov	r3, r2
 824 0028 2846     		mov	r0, r5
 825 002a FFF7FEFF 		bl	UART_Send
 826              	.LVL71:
 827              	.LBE116:
 828              	.LBE119:
 829              		.loc 1 183 0
 830 002e 092E     		cmp	r6, #9
 831              	.LBB120:
 832              	.LBB117:
  56:./Drivers/source/debug_frmwrk.c **** 	UART_Send(UARTx, &ch, 1, BLOCKING);
 833              		.loc 1 56 0
 834 0030 4FF00102 		mov	r2, #1
 835              	.LBE117:
 836              	.LBE120:
 837              		.loc 1 183 0
 838 0034 8CBF     		ite	hi
 839 0036 3736     		addhi	r6, r6, #55
 840              	.LVL72:
 841 0038 3036     		addls	r6, r6, #48
 842              	.LBB121:
 843              	.LBB118:
  56:./Drivers/source/debug_frmwrk.c **** 	UART_Send(UARTx, &ch, 1, BLOCKING);
 844              		.loc 1 56 0
 845 003a 2846     		mov	r0, r5
 846 003c 2146     		mov	r1, r4
 847 003e 1346     		mov	r3, r2
 848 0040 8DF80760 		strb	r6, [sp, #7]
 849              	.LVL73:
 850 0044 FFF7FEFF 		bl	UART_Send
 851              	.LVL74:
 852              	.LBE118:
 853              	.LBE121:
 184:./Drivers/source/debug_frmwrk.c **** 	} while (i--);
 185:./Drivers/source/debug_frmwrk.c **** }
 854              		.loc 1 185 0
 855 0048 02B0     		add	sp, sp, #8
 856              		@ sp needed
 857 004a 70BD     		pop	{r4, r5, r6, pc}
 858              	.LVL75:
 859              	.L28:
 860              		.align	2
 861              	.L27:
 862 004c 04000000 		.word	.LC1
 863              		.cfi_endproc
 864              	.LFE62:
 866              		.section	.text.UARTPutHex16,"ax",%progbits
 867              		.align	2
 868              		.global	UARTPutHex16
 869              		.thumb
 870              		.thumb_func
 872              	UARTPutHex16:
 873              	.LFB63:
 186:./Drivers/source/debug_frmwrk.c **** 
 187:./Drivers/source/debug_frmwrk.c **** 
 188:./Drivers/source/debug_frmwrk.c **** /*********************************************************************//**
 189:./Drivers/source/debug_frmwrk.c ****  * @brief		Puts a hex number to UART port
 190:./Drivers/source/debug_frmwrk.c ****  * @param[in]	UARTx	Pointer to UART peripheral
 191:./Drivers/source/debug_frmwrk.c ****  * @param[in]	hexnum	Hex number (16-bit long)
 192:./Drivers/source/debug_frmwrk.c ****  * @return		None
 193:./Drivers/source/debug_frmwrk.c ****  **********************************************************************/
 194:./Drivers/source/debug_frmwrk.c **** void UARTPutHex16 (LPC_UART_TypeDef *UARTx, uint16_t hexnum)
 195:./Drivers/source/debug_frmwrk.c **** {
 874              		.loc 1 195 0
 875              		.cfi_startproc
 876              		@ args = 0, pretend = 0, frame = 8
 877              		@ frame_needed = 0, uses_anonymous_args = 0
 878              	.LVL76:
 879 0000 F0B5     		push	{r4, r5, r6, r7, lr}
 880              		.cfi_def_cfa_offset 20
 881              		.cfi_offset 4, -20
 882              		.cfi_offset 5, -16
 883              		.cfi_offset 6, -12
 884              		.cfi_offset 7, -8
 885              		.cfi_offset 14, -4
 886 0002 0F46     		mov	r7, r1
 887 0004 83B0     		sub	sp, sp, #12
 888              		.cfi_def_cfa_offset 32
 196:./Drivers/source/debug_frmwrk.c **** 	uint8_t nibble, i;
 197:./Drivers/source/debug_frmwrk.c **** 
 198:./Drivers/source/debug_frmwrk.c **** 	UARTPuts(UARTx, "0x");
 889              		.loc 1 198 0
 890 0006 1049     		ldr	r1, .L34
 891              	.LVL77:
 195:./Drivers/source/debug_frmwrk.c **** {
 892              		.loc 1 195 0
 893 0008 0646     		mov	r6, r0
 894              		.loc 1 198 0
 895 000a FFF7FEFF 		bl	UARTPuts
 896              	.LVL78:
 199:./Drivers/source/debug_frmwrk.c **** 	i = 3;
 897              		.loc 1 199 0
 898 000e 0324     		movs	r4, #3
 899              	.LVL79:
 900              	.L33:
 200:./Drivers/source/debug_frmwrk.c **** 	do {
 201:./Drivers/source/debug_frmwrk.c **** 		nibble = (hexnum >> (4*i)) & 0x0F;
 901              		.loc 1 201 0
 902 0010 A300     		lsls	r3, r4, #2
 903 0012 47FA03F3 		asr	r3, r7, r3
 904 0016 03F00F03 		and	r3, r3, #15
 905              	.LVL80:
 202:./Drivers/source/debug_frmwrk.c **** 		UARTPutChar(UARTx, (nibble > 9) ? ('A' + nibble - 10) : ('0' + nibble));
 906              		.loc 1 202 0
 907 001a 092B     		cmp	r3, #9
 908              	.LBB122:
 909              	.LBB123:
  56:./Drivers/source/debug_frmwrk.c **** 	UART_Send(UARTx, &ch, 1, BLOCKING);
 910              		.loc 1 56 0
 911 001c 4FF00102 		mov	r2, #1
 912              	.LBE123:
 913              	.LBE122:
 203:./Drivers/source/debug_frmwrk.c **** 	} while (i--);
 914              		.loc 1 203 0
 915 0020 04F1FF34 		add	r4, r4, #-1
 916              	.LVL81:
 202:./Drivers/source/debug_frmwrk.c **** 		UARTPutChar(UARTx, (nibble > 9) ? ('A' + nibble - 10) : ('0' + nibble));
 917              		.loc 1 202 0
 918 0024 8CBF     		ite	hi
 919 0026 03F13705 		addhi	r5, r3, #55
 920 002a 03F13005 		addls	r5, r3, #48
 921              	.LVL82:
 922              	.LBB126:
 923              	.LBB124:
  56:./Drivers/source/debug_frmwrk.c **** 	UART_Send(UARTx, &ch, 1, BLOCKING);
 924              		.loc 1 56 0
 925 002e 3046     		mov	r0, r6
 926 0030 1346     		mov	r3, r2
 927              	.LVL83:
 928 0032 0DF10701 		add	r1, sp, #7
 929              	.LBE124:
 930              	.LBE126:
 931              		.loc 1 203 0
 932 0036 E4B2     		uxtb	r4, r4
 933              	.LVL84:
 934 0038 8DF80750 		strb	r5, [sp, #7]
 935              	.LVL85:
 936              	.LBB127:
 937              	.LBB125:
  56:./Drivers/source/debug_frmwrk.c **** 	UART_Send(UARTx, &ch, 1, BLOCKING);
 938              		.loc 1 56 0
 939 003c FFF7FEFF 		bl	UART_Send
 940              	.LVL86:
 941              	.LBE125:
 942              	.LBE127:
 943              		.loc 1 203 0
 944 0040 FF2C     		cmp	r4, #255
 945 0042 E5D1     		bne	.L33
 204:./Drivers/source/debug_frmwrk.c **** }
 946              		.loc 1 204 0
 947 0044 03B0     		add	sp, sp, #12
 948              		@ sp needed
 949 0046 F0BD     		pop	{r4, r5, r6, r7, pc}
 950              	.LVL87:
 951              	.L35:
 952              		.align	2
 953              	.L34:
 954 0048 04000000 		.word	.LC1
 955              		.cfi_endproc
 956              	.LFE63:
 958              		.section	.text.UARTPutHex32,"ax",%progbits
 959              		.align	2
 960              		.global	UARTPutHex32
 961              		.thumb
 962              		.thumb_func
 964              	UARTPutHex32:
 965              	.LFB64:
 205:./Drivers/source/debug_frmwrk.c **** 
 206:./Drivers/source/debug_frmwrk.c **** /*********************************************************************//**
 207:./Drivers/source/debug_frmwrk.c ****  * @brief		Puts a hex number to UART port
 208:./Drivers/source/debug_frmwrk.c ****  * @param[in]	UARTx	Pointer to UART peripheral
 209:./Drivers/source/debug_frmwrk.c ****  * @param[in]	hexnum	Hex number (32-bit long)
 210:./Drivers/source/debug_frmwrk.c ****  * @return		None
 211:./Drivers/source/debug_frmwrk.c ****  **********************************************************************/
 212:./Drivers/source/debug_frmwrk.c **** void UARTPutHex32 (LPC_UART_TypeDef *UARTx, uint32_t hexnum)
 213:./Drivers/source/debug_frmwrk.c **** {
 966              		.loc 1 213 0
 967              		.cfi_startproc
 968              		@ args = 0, pretend = 0, frame = 8
 969              		@ frame_needed = 0, uses_anonymous_args = 0
 970              	.LVL88:
 971 0000 F0B5     		push	{r4, r5, r6, r7, lr}
 972              		.cfi_def_cfa_offset 20
 973              		.cfi_offset 4, -20
 974              		.cfi_offset 5, -16
 975              		.cfi_offset 6, -12
 976              		.cfi_offset 7, -8
 977              		.cfi_offset 14, -4
 978 0002 0F46     		mov	r7, r1
 979 0004 83B0     		sub	sp, sp, #12
 980              		.cfi_def_cfa_offset 32
 214:./Drivers/source/debug_frmwrk.c **** 	uint8_t nibble, i;
 215:./Drivers/source/debug_frmwrk.c **** 
 216:./Drivers/source/debug_frmwrk.c **** 	UARTPuts(UARTx, "0x");
 981              		.loc 1 216 0
 982 0006 1049     		ldr	r1, .L41
 983              	.LVL89:
 213:./Drivers/source/debug_frmwrk.c **** {
 984              		.loc 1 213 0
 985 0008 0646     		mov	r6, r0
 986              		.loc 1 216 0
 987 000a FFF7FEFF 		bl	UARTPuts
 988              	.LVL90:
 217:./Drivers/source/debug_frmwrk.c **** 	i = 7;
 989              		.loc 1 217 0
 990 000e 0724     		movs	r4, #7
 991              	.LVL91:
 992              	.L40:
 218:./Drivers/source/debug_frmwrk.c **** 	do {
 219:./Drivers/source/debug_frmwrk.c **** 		nibble = (hexnum >> (4*i)) & 0x0F;
 993              		.loc 1 219 0
 994 0010 A300     		lsls	r3, r4, #2
 995 0012 27FA03F3 		lsr	r3, r7, r3
 996 0016 03F00F03 		and	r3, r3, #15
 997              	.LVL92:
 220:./Drivers/source/debug_frmwrk.c **** 		UARTPutChar(UARTx, (nibble > 9) ? ('A' + nibble - 10) : ('0' + nibble));
 998              		.loc 1 220 0
 999 001a 092B     		cmp	r3, #9
 1000              	.LBB128:
 1001              	.LBB129:
  56:./Drivers/source/debug_frmwrk.c **** 	UART_Send(UARTx, &ch, 1, BLOCKING);
 1002              		.loc 1 56 0
 1003 001c 4FF00102 		mov	r2, #1
 1004              	.LBE129:
 1005              	.LBE128:
 221:./Drivers/source/debug_frmwrk.c **** 	} while (i--);
 1006              		.loc 1 221 0
 1007 0020 04F1FF34 		add	r4, r4, #-1
 1008              	.LVL93:
 220:./Drivers/source/debug_frmwrk.c **** 		UARTPutChar(UARTx, (nibble > 9) ? ('A' + nibble - 10) : ('0' + nibble));
 1009              		.loc 1 220 0
 1010 0024 8CBF     		ite	hi
 1011 0026 03F13705 		addhi	r5, r3, #55
 1012 002a 03F13005 		addls	r5, r3, #48
 1013              	.LVL94:
 1014              	.LBB132:
 1015              	.LBB130:
  56:./Drivers/source/debug_frmwrk.c **** 	UART_Send(UARTx, &ch, 1, BLOCKING);
 1016              		.loc 1 56 0
 1017 002e 3046     		mov	r0, r6
 1018 0030 1346     		mov	r3, r2
 1019              	.LVL95:
 1020 0032 0DF10701 		add	r1, sp, #7
 1021              	.LBE130:
 1022              	.LBE132:
 1023              		.loc 1 221 0
 1024 0036 E4B2     		uxtb	r4, r4
 1025              	.LVL96:
 1026 0038 8DF80750 		strb	r5, [sp, #7]
 1027              	.LVL97:
 1028              	.LBB133:
 1029              	.LBB131:
  56:./Drivers/source/debug_frmwrk.c **** 	UART_Send(UARTx, &ch, 1, BLOCKING);
 1030              		.loc 1 56 0
 1031 003c FFF7FEFF 		bl	UART_Send
 1032              	.LVL98:
 1033              	.LBE131:
 1034              	.LBE133:
 1035              		.loc 1 221 0
 1036 0040 FF2C     		cmp	r4, #255
 1037 0042 E5D1     		bne	.L40
 222:./Drivers/source/debug_frmwrk.c **** }
 1038              		.loc 1 222 0
 1039 0044 03B0     		add	sp, sp, #12
 1040              		@ sp needed
 1041 0046 F0BD     		pop	{r4, r5, r6, r7, pc}
 1042              	.LVL99:
 1043              	.L42:
 1044              		.align	2
 1045              	.L41:
 1046 0048 04000000 		.word	.LC1
 1047              		.cfi_endproc
 1048              	.LFE64:
 1050              		.section	.text.UARTGetChar,"ax",%progbits
 1051              		.align	2
 1052              		.global	UARTGetChar
 1053              		.thumb
 1054              		.thumb_func
 1056              	UARTGetChar:
 1057              	.LFB56:
  66:./Drivers/source/debug_frmwrk.c **** {
 1058              		.loc 1 66 0
 1059              		.cfi_startproc
 1060              		@ args = 0, pretend = 0, frame = 8
 1061              		@ frame_needed = 0, uses_anonymous_args = 0
 1062              	.LVL100:
 1063 0000 00B5     		push	{lr}
 1064              		.cfi_def_cfa_offset 4
 1065              		.cfi_offset 14, -4
 1066 0002 83B0     		sub	sp, sp, #12
 1067              		.cfi_def_cfa_offset 16
  67:./Drivers/source/debug_frmwrk.c **** 	uint8_t tmp = 0;
 1068              		.loc 1 67 0
 1069 0004 02A9     		add	r1, sp, #8
  68:./Drivers/source/debug_frmwrk.c **** 	UART_Receive(UARTx, &tmp, 1, BLOCKING);
 1070              		.loc 1 68 0
 1071 0006 0122     		movs	r2, #1
  67:./Drivers/source/debug_frmwrk.c **** 	uint8_t tmp = 0;
 1072              		.loc 1 67 0
 1073 0008 0023     		movs	r3, #0
 1074 000a 01F8013D 		strb	r3, [r1, #-1]!
  68:./Drivers/source/debug_frmwrk.c **** 	UART_Receive(UARTx, &tmp, 1, BLOCKING);
 1075              		.loc 1 68 0
 1076 000e 1346     		mov	r3, r2
 1077 0010 FFF7FEFF 		bl	UART_Receive
 1078              	.LVL101:
  70:./Drivers/source/debug_frmwrk.c **** }
 1079              		.loc 1 70 0
 1080 0014 9DF80700 		ldrb	r0, [sp, #7]	@ zero_extendqisi2
 1081 0018 03B0     		add	sp, sp, #12
 1082              		@ sp needed
 1083 001a 5DF804FB 		ldr	pc, [sp], #4
 1084              		.cfi_endproc
 1085              	.LFE56:
 1087 001e 00BF     		.section	.text.debug_frmwrk_init,"ax",%progbits
 1088              		.align	2
 1089              		.global	debug_frmwrk_init
 1090              		.thumb
 1091              		.thumb_func
 1093              	debug_frmwrk_init:
 1094              	.LFB65:
 223:./Drivers/source/debug_frmwrk.c **** 
 224:./Drivers/source/debug_frmwrk.c **** ///*********************************************************************//**
 225:./Drivers/source/debug_frmwrk.c **** // * @brief		print function that supports format as same as printf()
 226:./Drivers/source/debug_frmwrk.c **** // * 				function of <stdio.h> library
 227:./Drivers/source/debug_frmwrk.c **** // * @param[in]	None
 228:./Drivers/source/debug_frmwrk.c **** // * @return		None
 229:./Drivers/source/debug_frmwrk.c **** // **********************************************************************/
 230:./Drivers/source/debug_frmwrk.c **** //void  _printf (const  char *format, ...)
 231:./Drivers/source/debug_frmwrk.c **** //{
 232:./Drivers/source/debug_frmwrk.c **** //    static  char  buffer[512 + 1];
 233:./Drivers/source/debug_frmwrk.c **** //            va_list     vArgs;
 234:./Drivers/source/debug_frmwrk.c **** //            char	*tmp;
 235:./Drivers/source/debug_frmwrk.c **** //    va_start(vArgs, format);
 236:./Drivers/source/debug_frmwrk.c **** //    vsprintf((char *)buffer, (char const *)format, vArgs);
 237:./Drivers/source/debug_frmwrk.c **** //    va_end(vArgs);
 238:./Drivers/source/debug_frmwrk.c **** //
 239:./Drivers/source/debug_frmwrk.c **** //    _DBG(buffer);
 240:./Drivers/source/debug_frmwrk.c **** //}
 241:./Drivers/source/debug_frmwrk.c **** 
 242:./Drivers/source/debug_frmwrk.c **** /*********************************************************************//**
 243:./Drivers/source/debug_frmwrk.c ****  * @brief		Initialize Debug frame work through initializing UART port
 244:./Drivers/source/debug_frmwrk.c ****  * @param[in]	None
 245:./Drivers/source/debug_frmwrk.c ****  * @return		None
 246:./Drivers/source/debug_frmwrk.c ****  **********************************************************************/
 247:./Drivers/source/debug_frmwrk.c **** void debug_frmwrk_init(void)
 248:./Drivers/source/debug_frmwrk.c **** {
 1095              		.loc 1 248 0
 1096              		.cfi_startproc
 1097              		@ args = 0, pretend = 0, frame = 16
 1098              		@ frame_needed = 0, uses_anonymous_args = 0
 1099 0000 2DE9F04F 		push	{r4, r5, r6, r7, r8, r9, r10, fp, lr}
 1100              		.cfi_def_cfa_offset 36
 1101              		.cfi_offset 4, -36
 1102              		.cfi_offset 5, -32
 1103              		.cfi_offset 6, -28
 1104              		.cfi_offset 7, -24
 1105              		.cfi_offset 8, -20
 1106              		.cfi_offset 9, -16
 1107              		.cfi_offset 10, -12
 1108              		.cfi_offset 11, -8
 1109              		.cfi_offset 14, -4
 1110 0004 85B0     		sub	sp, sp, #20
 1111              		.cfi_def_cfa_offset 56
 249:./Drivers/source/debug_frmwrk.c **** 	UART_CFG_Type UARTConfigStruct;
 250:./Drivers/source/debug_frmwrk.c **** 	PINSEL_CFG_Type PinCfg;
 251:./Drivers/source/debug_frmwrk.c **** 
 252:./Drivers/source/debug_frmwrk.c **** #if (USED_UART_DEBUG_PORT==0)
 253:./Drivers/source/debug_frmwrk.c **** 	/*
 254:./Drivers/source/debug_frmwrk.c **** 	 * Initialize UART0 pin connect
 255:./Drivers/source/debug_frmwrk.c **** 	 */
 256:./Drivers/source/debug_frmwrk.c **** 	PinCfg.Funcnum = 1;
 257:./Drivers/source/debug_frmwrk.c **** 	PinCfg.OpenDrain = 0;
 258:./Drivers/source/debug_frmwrk.c **** 	PinCfg.Pinmode = 0;
 259:./Drivers/source/debug_frmwrk.c **** 	PinCfg.Pinnum = 2;
 1112              		.loc 1 259 0
 1113 0006 0222     		movs	r2, #2
 257:./Drivers/source/debug_frmwrk.c **** 	PinCfg.OpenDrain = 0;
 1114              		.loc 1 257 0
 1115 0008 0023     		movs	r3, #0
 260:./Drivers/source/debug_frmwrk.c **** 	PinCfg.Portnum = 0;
 1116              		.loc 1 260 0
 1117 000a 04AC     		add	r4, sp, #16
 261:./Drivers/source/debug_frmwrk.c **** 	PINSEL_ConfigPin(&PinCfg);
 1118              		.loc 1 261 0
 1119 000c 6846     		mov	r0, sp
 256:./Drivers/source/debug_frmwrk.c **** 	PinCfg.Funcnum = 1;
 1120              		.loc 1 256 0
 1121 000e 0126     		movs	r6, #1
 259:./Drivers/source/debug_frmwrk.c **** 	PinCfg.Pinnum = 2;
 1122              		.loc 1 259 0
 1123 0010 8DF80120 		strb	r2, [sp, #1]
 260:./Drivers/source/debug_frmwrk.c **** 	PinCfg.Portnum = 0;
 1124              		.loc 1 260 0
 1125 0014 04F8103D 		strb	r3, [r4, #-16]!
 257:./Drivers/source/debug_frmwrk.c **** 	PinCfg.OpenDrain = 0;
 1126              		.loc 1 257 0
 1127 0018 8DF80430 		strb	r3, [sp, #4]
 258:./Drivers/source/debug_frmwrk.c **** 	PinCfg.Pinmode = 0;
 1128              		.loc 1 258 0
 1129 001c 8DF80330 		strb	r3, [sp, #3]
 256:./Drivers/source/debug_frmwrk.c **** 	PinCfg.Funcnum = 1;
 1130              		.loc 1 256 0
 1131 0020 8DF80260 		strb	r6, [sp, #2]
 262:./Drivers/source/debug_frmwrk.c **** 	PinCfg.Pinnum = 3;
 263:./Drivers/source/debug_frmwrk.c **** 	PINSEL_ConfigPin(&PinCfg);
 264:./Drivers/source/debug_frmwrk.c **** #elif (USED_UART_DEBUG_PORT==1)
 265:./Drivers/source/debug_frmwrk.c **** 	/*
 266:./Drivers/source/debug_frmwrk.c **** 	 * Initialize UART1 pin connect
 267:./Drivers/source/debug_frmwrk.c **** 	 */
 268:./Drivers/source/debug_frmwrk.c **** 	PinCfg.Funcnum = 1;
 269:./Drivers/source/debug_frmwrk.c **** 	PinCfg.OpenDrain = 0;
 270:./Drivers/source/debug_frmwrk.c **** 	PinCfg.Pinmode = 0;
 271:./Drivers/source/debug_frmwrk.c **** 	PinCfg.Pinnum = 15;
 272:./Drivers/source/debug_frmwrk.c **** 	PinCfg.Portnum = 0;
 273:./Drivers/source/debug_frmwrk.c **** 	PINSEL_ConfigPin(&PinCfg);
 274:./Drivers/source/debug_frmwrk.c **** 	PinCfg.Pinnum = 16;
 275:./Drivers/source/debug_frmwrk.c **** 	PINSEL_ConfigPin(&PinCfg);
 276:./Drivers/source/debug_frmwrk.c **** #endif
 277:./Drivers/source/debug_frmwrk.c **** 
 278:./Drivers/source/debug_frmwrk.c **** 	/* Initialize UART Configuration parameter structure to default state:
 279:./Drivers/source/debug_frmwrk.c **** 	 * Baudrate = 9600bps
 280:./Drivers/source/debug_frmwrk.c **** 	 * 8 data bit
 281:./Drivers/source/debug_frmwrk.c **** 	 * 1 Stop bit
 282:./Drivers/source/debug_frmwrk.c **** 	 * None parity
 283:./Drivers/source/debug_frmwrk.c **** 	 */
 284:./Drivers/source/debug_frmwrk.c **** 	UART_ConfigStructInit(&UARTConfigStruct);
 285:./Drivers/source/debug_frmwrk.c **** 	// Re-configure baudrate to 115200bps
 286:./Drivers/source/debug_frmwrk.c **** 	UARTConfigStruct.Baud_rate = 115200;
 287:./Drivers/source/debug_frmwrk.c **** 
 288:./Drivers/source/debug_frmwrk.c **** 	// Initialize DEBUG_UART_PORT peripheral with given to corresponding parameter
 289:./Drivers/source/debug_frmwrk.c **** 	UART_Init(DEBUG_UART_PORT, &UARTConfigStruct);
 1132              		.loc 1 289 0
 1133 0024 1F4D     		ldr	r5, .L45
 261:./Drivers/source/debug_frmwrk.c **** 	PINSEL_ConfigPin(&PinCfg);
 1134              		.loc 1 261 0
 1135 0026 FFF7FEFF 		bl	PINSEL_ConfigPin
 1136              	.LVL102:
 262:./Drivers/source/debug_frmwrk.c **** 	PinCfg.Pinnum = 3;
 1137              		.loc 1 262 0
 1138 002a 0323     		movs	r3, #3
 263:./Drivers/source/debug_frmwrk.c **** 	PINSEL_ConfigPin(&PinCfg);
 1139              		.loc 1 263 0
 1140 002c 6846     		mov	r0, sp
 262:./Drivers/source/debug_frmwrk.c **** 	PinCfg.Pinnum = 3;
 1141              		.loc 1 262 0
 1142 002e 8DF80130 		strb	r3, [sp, #1]
 263:./Drivers/source/debug_frmwrk.c **** 	PINSEL_ConfigPin(&PinCfg);
 1143              		.loc 1 263 0
 1144 0032 FFF7FEFF 		bl	PINSEL_ConfigPin
 1145              	.LVL103:
 284:./Drivers/source/debug_frmwrk.c **** 	UART_ConfigStructInit(&UARTConfigStruct);
 1146              		.loc 1 284 0
 1147 0036 02A8     		add	r0, sp, #8
 1148 0038 FFF7FEFF 		bl	UART_ConfigStructInit
 1149              	.LVL104:
 286:./Drivers/source/debug_frmwrk.c **** 	UARTConfigStruct.Baud_rate = 115200;
 1150              		.loc 1 286 0
 1151 003c 4FF4E133 		mov	r3, #115200
 1152              		.loc 1 289 0
 1153 0040 02A9     		add	r1, sp, #8
 1154 0042 2846     		mov	r0, r5
 286:./Drivers/source/debug_frmwrk.c **** 	UARTConfigStruct.Baud_rate = 115200;
 1155              		.loc 1 286 0
 1156 0044 0293     		str	r3, [sp, #8]
 1157              		.loc 1 289 0
 1158 0046 FFF7FEFF 		bl	UART_Init
 1159              	.LVL105:
 290:./Drivers/source/debug_frmwrk.c **** 
 291:./Drivers/source/debug_frmwrk.c **** 	// Enable UART Transmit
 292:./Drivers/source/debug_frmwrk.c **** 	UART_TxCmd(DEBUG_UART_PORT, ENABLE);
 1160              		.loc 1 292 0
 1161 004a 2846     		mov	r0, r5
 1162 004c 3146     		mov	r1, r6
 1163 004e FFF7FEFF 		bl	UART_TxCmd
 1164              	.LVL106:
 293:./Drivers/source/debug_frmwrk.c **** 
 294:./Drivers/source/debug_frmwrk.c **** 	_db_msg	= UARTPuts;
 1165              		.loc 1 294 0
 1166 0052 154C     		ldr	r4, .L45+4
 1167 0054 154D     		ldr	r5, .L45+8
 295:./Drivers/source/debug_frmwrk.c **** 	_db_msg_ = UARTPuts_;
 1168              		.loc 1 295 0
 1169 0056 1649     		ldr	r1, .L45+12
 1170 0058 1648     		ldr	r0, .L45+16
 296:./Drivers/source/debug_frmwrk.c **** 	_db_char = UARTPutChar;
 1171              		.loc 1 296 0
 1172 005a 174B     		ldr	r3, .L45+20
 1173 005c 174A     		ldr	r2, .L45+24
 297:./Drivers/source/debug_frmwrk.c **** 	_db_hex = UARTPutHex;
 298:./Drivers/source/debug_frmwrk.c **** 	_db_hex_16 = UARTPutHex16;
 299:./Drivers/source/debug_frmwrk.c **** 	_db_hex_32 = UARTPutHex32;
 1174              		.loc 1 299 0
 1175 005e 184F     		ldr	r7, .L45+28
 1176 0060 184E     		ldr	r6, .L45+32
 294:./Drivers/source/debug_frmwrk.c **** 	_db_msg	= UARTPuts;
 1177              		.loc 1 294 0
 1178 0062 2560     		str	r5, [r4]
 295:./Drivers/source/debug_frmwrk.c **** 	_db_msg_ = UARTPuts_;
 1179              		.loc 1 295 0
 1180 0064 0860     		str	r0, [r1]
 296:./Drivers/source/debug_frmwrk.c **** 	_db_char = UARTPutChar;
 1181              		.loc 1 296 0
 1182 0066 1A60     		str	r2, [r3]
 297:./Drivers/source/debug_frmwrk.c **** 	_db_hex = UARTPutHex;
 1183              		.loc 1 297 0
 1184 0068 DFF878A0 		ldr	r10, .L45+64
 1185 006c DFF878B0 		ldr	fp, .L45+68
 298:./Drivers/source/debug_frmwrk.c **** 	_db_hex_16 = UARTPutHex16;
 1186              		.loc 1 298 0
 1187 0070 DFF87880 		ldr	r8, .L45+72
 1188 0074 DFF87890 		ldr	r9, .L45+76
 300:./Drivers/source/debug_frmwrk.c **** 	_db_dec = UARTPutDec;
 1189              		.loc 1 300 0
 1190 0078 DFF878C0 		ldr	ip, .L45+80
 301:./Drivers/source/debug_frmwrk.c **** 	_db_dec_16 = UARTPutDec16;
 1191              		.loc 1 301 0
 1192 007c 124C     		ldr	r4, .L45+36
 1193 007e 134D     		ldr	r5, .L45+40
 302:./Drivers/source/debug_frmwrk.c **** 	_db_dec_32 = UARTPutDec32;
 1194              		.loc 1 302 0
 1195 0080 1349     		ldr	r1, .L45+44
 1196 0082 1448     		ldr	r0, .L45+48
 303:./Drivers/source/debug_frmwrk.c **** 	_db_get_char = UARTGetChar;
 1197              		.loc 1 303 0
 1198 0084 144B     		ldr	r3, .L45+52
 1199 0086 154A     		ldr	r2, .L45+56
 299:./Drivers/source/debug_frmwrk.c **** 	_db_hex_32 = UARTPutHex32;
 1200              		.loc 1 299 0
 1201 0088 3E60     		str	r6, [r7]
 300:./Drivers/source/debug_frmwrk.c **** 	_db_dec = UARTPutDec;
 1202              		.loc 1 300 0
 1203 008a 154E     		ldr	r6, .L45+60
 297:./Drivers/source/debug_frmwrk.c **** 	_db_hex = UARTPutHex;
 1204              		.loc 1 297 0
 1205 008c CAF800B0 		str	fp, [r10]
 298:./Drivers/source/debug_frmwrk.c **** 	_db_hex_16 = UARTPutHex16;
 1206              		.loc 1 298 0
 1207 0090 C8F80090 		str	r9, [r8]
 300:./Drivers/source/debug_frmwrk.c **** 	_db_dec = UARTPutDec;
 1208              		.loc 1 300 0
 1209 0094 CCF80060 		str	r6, [ip]
 301:./Drivers/source/debug_frmwrk.c **** 	_db_dec_16 = UARTPutDec16;
 1210              		.loc 1 301 0
 1211 0098 2560     		str	r5, [r4]
 302:./Drivers/source/debug_frmwrk.c **** 	_db_dec_32 = UARTPutDec32;
 1212              		.loc 1 302 0
 1213 009a 0860     		str	r0, [r1]
 1214              		.loc 1 303 0
 1215 009c 1A60     		str	r2, [r3]
 304:./Drivers/source/debug_frmwrk.c **** }
 1216              		.loc 1 304 0
 1217 009e 05B0     		add	sp, sp, #20
 1218              		@ sp needed
 1219 00a0 BDE8F08F 		pop	{r4, r5, r6, r7, r8, r9, r10, fp, pc}
 1220              	.L46:
 1221              		.align	2
 1222              	.L45:
 1223 00a4 00C00040 		.word	1073790976
 1224 00a8 00000000 		.word	_db_msg
 1225 00ac 00000000 		.word	UARTPuts
 1226 00b0 00000000 		.word	_db_msg_
 1227 00b4 00000000 		.word	UARTPuts_
 1228 00b8 00000000 		.word	_db_char
 1229 00bc 00000000 		.word	UARTPutChar
 1230 00c0 00000000 		.word	_db_hex_32
 1231 00c4 00000000 		.word	UARTPutHex32
 1232 00c8 00000000 		.word	_db_dec_16
 1233 00cc 00000000 		.word	UARTPutDec16
 1234 00d0 00000000 		.word	_db_dec_32
 1235 00d4 00000000 		.word	UARTPutDec32
 1236 00d8 00000000 		.word	_db_get_char
 1237 00dc 00000000 		.word	UARTGetChar
 1238 00e0 00000000 		.word	UARTPutDec
 1239 00e4 00000000 		.word	_db_hex
 1240 00e8 00000000 		.word	UARTPutHex
 1241 00ec 00000000 		.word	_db_hex_16
 1242 00f0 00000000 		.word	UARTPutHex16
 1243 00f4 00000000 		.word	_db_dec
 1244              		.cfi_endproc
 1245              	.LFE65:
 1247              		.comm	_db_get_char,4,4
 1248              		.comm	_db_hex_32,4,4
 1249              		.comm	_db_hex_16,4,4
 1250              		.comm	_db_hex,4,4
 1251              		.comm	_db_dec_32,4,4
 1252              		.comm	_db_dec_16,4,4
 1253              		.comm	_db_dec,4,4
 1254              		.comm	_db_char,4,4
 1255              		.comm	_db_msg_,4,4
 1256              		.comm	_db_msg,4,4
 1257              		.section	.rodata.str1.4,"aMS",%progbits,1
 1258              		.align	2
 1259              	.LC0:
 1260 0000 0A0D00   		.ascii	"\012\015\000"
 1261 0003 00       		.space	1
 1262              	.LC1:
 1263 0004 307800   		.ascii	"0x\000"
 1264 0007 00       		.text
 1265              	.Letext0:
 1266              		.file 2 "d:\\gnu\\4_8\\arm-none-eabi\\include\\machine\\_default_types.h"
 1267              		.file 3 "d:\\gnu\\4_8\\arm-none-eabi\\include\\stdint.h"
 1268              		.file 4 "./LPC17xx/LPC17xx.h"
 1269              		.file 5 "./Drivers/include/lpc_types.h"
 1270              		.file 6 "./Drivers/include/lpc17xx_uart.h"
 1271              		.file 7 "./Drivers/include/lpc17xx_pinsel.h"
 1272              		.file 8 "./Core/core_cm3.h"
DEFINED SYMBOLS
                            *ABS*:00000000 debug_frmwrk.c
C:\Users\kosmos\AppData\Local\Temp\cc8geEem.s:19     .text.UARTPutChar:00000000 $t
C:\Users\kosmos\AppData\Local\Temp\cc8geEem.s:24     .text.UARTPutChar:00000000 UARTPutChar
C:\Users\kosmos\AppData\Local\Temp\cc8geEem.s:55     .text.UARTPuts:00000000 $t
C:\Users\kosmos\AppData\Local\Temp\cc8geEem.s:60     .text.UARTPuts:00000000 UARTPuts
C:\Users\kosmos\AppData\Local\Temp\cc8geEem.s:113    .text.UARTPuts_:00000000 $t
C:\Users\kosmos\AppData\Local\Temp\cc8geEem.s:118    .text.UARTPuts_:00000000 UARTPuts_
C:\Users\kosmos\AppData\Local\Temp\cc8geEem.s:146    .text.UARTPuts_:00000014 $d
C:\Users\kosmos\AppData\Local\Temp\cc8geEem.s:151    .text.UARTPutDec:00000000 $t
C:\Users\kosmos\AppData\Local\Temp\cc8geEem.s:156    .text.UARTPutDec:00000000 UARTPutDec
C:\Users\kosmos\AppData\Local\Temp\cc8geEem.s:273    .text.UARTPutDec:00000068 $d
C:\Users\kosmos\AppData\Local\Temp\cc8geEem.s:279    .text.UARTPutDec16:00000000 $t
C:\Users\kosmos\AppData\Local\Temp\cc8geEem.s:284    .text.UARTPutDec16:00000000 UARTPutDec16
C:\Users\kosmos\AppData\Local\Temp\cc8geEem.s:452    .text.UARTPutDec16:000000b8 $d
C:\Users\kosmos\AppData\Local\Temp\cc8geEem.s:460    .text.UARTPutDec32:00000000 $t
C:\Users\kosmos\AppData\Local\Temp\cc8geEem.s:465    .text.UARTPutDec32:00000000 UARTPutDec32
C:\Users\kosmos\AppData\Local\Temp\cc8geEem.s:756    .text.UARTPutDec32:00000184 $d
C:\Users\kosmos\AppData\Local\Temp\cc8geEem.s:769    .text.UARTPutHex:00000000 $t
C:\Users\kosmos\AppData\Local\Temp\cc8geEem.s:774    .text.UARTPutHex:00000000 UARTPutHex
C:\Users\kosmos\AppData\Local\Temp\cc8geEem.s:862    .text.UARTPutHex:0000004c $d
C:\Users\kosmos\AppData\Local\Temp\cc8geEem.s:867    .text.UARTPutHex16:00000000 $t
C:\Users\kosmos\AppData\Local\Temp\cc8geEem.s:872    .text.UARTPutHex16:00000000 UARTPutHex16
C:\Users\kosmos\AppData\Local\Temp\cc8geEem.s:954    .text.UARTPutHex16:00000048 $d
C:\Users\kosmos\AppData\Local\Temp\cc8geEem.s:959    .text.UARTPutHex32:00000000 $t
C:\Users\kosmos\AppData\Local\Temp\cc8geEem.s:964    .text.UARTPutHex32:00000000 UARTPutHex32
C:\Users\kosmos\AppData\Local\Temp\cc8geEem.s:1046   .text.UARTPutHex32:00000048 $d
C:\Users\kosmos\AppData\Local\Temp\cc8geEem.s:1051   .text.UARTGetChar:00000000 $t
C:\Users\kosmos\AppData\Local\Temp\cc8geEem.s:1056   .text.UARTGetChar:00000000 UARTGetChar
C:\Users\kosmos\AppData\Local\Temp\cc8geEem.s:1088   .text.debug_frmwrk_init:00000000 $t
C:\Users\kosmos\AppData\Local\Temp\cc8geEem.s:1093   .text.debug_frmwrk_init:00000000 debug_frmwrk_init
C:\Users\kosmos\AppData\Local\Temp\cc8geEem.s:1223   .text.debug_frmwrk_init:000000a4 $d
                            *COM*:00000004 _db_msg
                            *COM*:00000004 _db_msg_
                            *COM*:00000004 _db_char
                            *COM*:00000004 _db_hex_32
                            *COM*:00000004 _db_dec_16
                            *COM*:00000004 _db_dec_32
                            *COM*:00000004 _db_get_char
                            *COM*:00000004 _db_hex
                            *COM*:00000004 _db_hex_16
                            *COM*:00000004 _db_dec
C:\Users\kosmos\AppData\Local\Temp\cc8geEem.s:1258   .rodata.str1.4:00000000 $d
                     .debug_frame:00000010 $d

UNDEFINED SYMBOLS
UART_Send
UART_Receive
PINSEL_ConfigPin
UART_ConfigStructInit
UART_Init
UART_TxCmd
