   1              		.syntax unified
   2              		.cpu cortex-m3
   3              		.fpu softvfp
   4              		.eabi_attribute 20, 1
   5              		.eabi_attribute 21, 1
   6              		.eabi_attribute 23, 3
   7              		.eabi_attribute 24, 1
   8              		.eabi_attribute 25, 1
   9              		.eabi_attribute 26, 1
  10              		.eabi_attribute 30, 2
  11              		.eabi_attribute 34, 1
  12              		.eabi_attribute 18, 4
  13              		.thumb
  14              		.file	"lpc17xx_nvic.c"
  15              		.text
  16              	.Ltext0:
  17              		.cfi_sections	.debug_frame
  18              		.section	.text.NVIC_DeInit,"ax",%progbits
  19              		.align	2
  20              		.global	NVIC_DeInit
  21              		.thumb
  22              		.thumb_func
  24              	NVIC_DeInit:
  25              	.LFB55:
  26              		.file 1 "./Drivers/source/lpc17xx_nvic.c"
   1:./Drivers/source/lpc17xx_nvic.c **** /***********************************************************************//**
   2:./Drivers/source/lpc17xx_nvic.c ****  * @file		lpc17xx_nvic.c
   3:./Drivers/source/lpc17xx_nvic.c ****  * @brief		Contains all expansion functions support for
   4:./Drivers/source/lpc17xx_nvic.c ****  * 				NVIC firmware library on LPC17xx. The main
   5:./Drivers/source/lpc17xx_nvic.c ****  * 				NVIC functions are defined in core_cm3.h
   6:./Drivers/source/lpc17xx_nvic.c ****  * @version		2.0
   7:./Drivers/source/lpc17xx_nvic.c ****  * @date		21. May. 2010
   8:./Drivers/source/lpc17xx_nvic.c ****  * @author		NXP MCU SW Application Team
   9:./Drivers/source/lpc17xx_nvic.c ****  **************************************************************************
  10:./Drivers/source/lpc17xx_nvic.c ****  * Software that is described herein is for illustrative purposes only
  11:./Drivers/source/lpc17xx_nvic.c ****  * which provides customers with programming information regarding the
  12:./Drivers/source/lpc17xx_nvic.c ****  * products. This software is supplied "AS IS" without any warranties.
  13:./Drivers/source/lpc17xx_nvic.c ****  * NXP Semiconductors assumes no responsibility or liability for the
  14:./Drivers/source/lpc17xx_nvic.c ****  * use of the software, conveys no license or title under any patent,
  15:./Drivers/source/lpc17xx_nvic.c ****  * copyright, or mask work right to the product. NXP Semiconductors
  16:./Drivers/source/lpc17xx_nvic.c ****  * reserves the right to make changes in the software without
  17:./Drivers/source/lpc17xx_nvic.c ****  * notification. NXP Semiconductors also make no representation or
  18:./Drivers/source/lpc17xx_nvic.c ****  * warranty that such application will be suitable for the specified
  19:./Drivers/source/lpc17xx_nvic.c ****  * use without further testing or modification.
  20:./Drivers/source/lpc17xx_nvic.c ****  **********************************************************************/
  21:./Drivers/source/lpc17xx_nvic.c **** 
  22:./Drivers/source/lpc17xx_nvic.c **** /* Peripheral group ----------------------------------------------------------- */
  23:./Drivers/source/lpc17xx_nvic.c **** /** @addtogroup NVIC
  24:./Drivers/source/lpc17xx_nvic.c ****  * @{
  25:./Drivers/source/lpc17xx_nvic.c ****  */
  26:./Drivers/source/lpc17xx_nvic.c **** 
  27:./Drivers/source/lpc17xx_nvic.c **** /* Includes ------------------------------------------------------------------- */
  28:./Drivers/source/lpc17xx_nvic.c **** #include "lpc17xx_nvic.h"
  29:./Drivers/source/lpc17xx_nvic.c **** 
  30:./Drivers/source/lpc17xx_nvic.c **** 
  31:./Drivers/source/lpc17xx_nvic.c **** /* Private Macros ------------------------------------------------------------- */
  32:./Drivers/source/lpc17xx_nvic.c **** /** @addtogroup NVIC_Private_Macros
  33:./Drivers/source/lpc17xx_nvic.c ****  * @{
  34:./Drivers/source/lpc17xx_nvic.c ****  */
  35:./Drivers/source/lpc17xx_nvic.c **** 
  36:./Drivers/source/lpc17xx_nvic.c **** /* Vector table offset bit mask */
  37:./Drivers/source/lpc17xx_nvic.c **** #define NVIC_VTOR_MASK              0x3FFFFF80
  38:./Drivers/source/lpc17xx_nvic.c **** 
  39:./Drivers/source/lpc17xx_nvic.c **** /**
  40:./Drivers/source/lpc17xx_nvic.c ****  * @}
  41:./Drivers/source/lpc17xx_nvic.c ****  */
  42:./Drivers/source/lpc17xx_nvic.c **** 
  43:./Drivers/source/lpc17xx_nvic.c **** 
  44:./Drivers/source/lpc17xx_nvic.c **** /* Public Functions ----------------------------------------------------------- */
  45:./Drivers/source/lpc17xx_nvic.c **** /** @addtogroup NVIC_Public_Functions
  46:./Drivers/source/lpc17xx_nvic.c ****  * @{
  47:./Drivers/source/lpc17xx_nvic.c ****  */
  48:./Drivers/source/lpc17xx_nvic.c **** 
  49:./Drivers/source/lpc17xx_nvic.c **** 
  50:./Drivers/source/lpc17xx_nvic.c **** /*****************************************************************************//**
  51:./Drivers/source/lpc17xx_nvic.c ****  * @brief		De-initializes the NVIC peripheral registers to their default
  52:./Drivers/source/lpc17xx_nvic.c ****  * 				reset values.
  53:./Drivers/source/lpc17xx_nvic.c ****  * @param		None
  54:./Drivers/source/lpc17xx_nvic.c ****  * @return      None
  55:./Drivers/source/lpc17xx_nvic.c ****  *
  56:./Drivers/source/lpc17xx_nvic.c ****  * These following NVIC peripheral registers will be de-initialized:
  57:./Drivers/source/lpc17xx_nvic.c ****  * - Disable Interrupt (32 IRQ interrupt sources that matched with LPC17xx)
  58:./Drivers/source/lpc17xx_nvic.c ****  * - Clear all Pending Interrupts (32 IRQ interrupt source that matched with LPC17xx)
  59:./Drivers/source/lpc17xx_nvic.c ****  * - Clear all Interrupt Priorities (32 IRQ interrupt source that matched with LPC17xx)
  60:./Drivers/source/lpc17xx_nvic.c ****  *******************************************************************************/
  61:./Drivers/source/lpc17xx_nvic.c **** void NVIC_DeInit(void)
  62:./Drivers/source/lpc17xx_nvic.c **** {
  27              		.loc 1 62 0
  28              		.cfi_startproc
  29              		@ args = 0, pretend = 0, frame = 0
  30              		@ frame_needed = 0, uses_anonymous_args = 0
  31              		@ link register save eliminated.
  63:./Drivers/source/lpc17xx_nvic.c **** 	uint8_t tmp;
  64:./Drivers/source/lpc17xx_nvic.c **** 
  65:./Drivers/source/lpc17xx_nvic.c **** 	/* Disable all interrupts */
  66:./Drivers/source/lpc17xx_nvic.c **** 	NVIC->ICER[0] = 0xFFFFFFFF;
  32              		.loc 1 66 0
  33 0000 0D4A     		ldr	r2, .L6
  62:./Drivers/source/lpc17xx_nvic.c **** {
  34              		.loc 1 62 0
  35 0002 10B4     		push	{r4}
  36              		.cfi_def_cfa_offset 4
  37              		.cfi_offset 4, -4
  67:./Drivers/source/lpc17xx_nvic.c **** 	NVIC->ICER[1] = 0x00000001;
  38              		.loc 1 67 0
  39 0004 0120     		movs	r0, #1
  66:./Drivers/source/lpc17xx_nvic.c **** 	NVIC->ICER[0] = 0xFFFFFFFF;
  40              		.loc 1 66 0
  41 0006 4FF0FF34 		mov	r4, #-1
  68:./Drivers/source/lpc17xx_nvic.c **** 	/* Clear all pending interrupts */
  69:./Drivers/source/lpc17xx_nvic.c **** 	NVIC->ICPR[0] = 0xFFFFFFFF;
  70:./Drivers/source/lpc17xx_nvic.c **** 	NVIC->ICPR[1] = 0x00000001;
  42              		.loc 1 70 0
  43 000a 0023     		movs	r3, #0
  66:./Drivers/source/lpc17xx_nvic.c **** 	NVIC->ICER[0] = 0xFFFFFFFF;
  44              		.loc 1 66 0
  45 000c C2F88040 		str	r4, [r2, #128]
  71:./Drivers/source/lpc17xx_nvic.c **** 
  72:./Drivers/source/lpc17xx_nvic.c **** 	/* Clear all interrupt priority */
  73:./Drivers/source/lpc17xx_nvic.c **** 	for (tmp = 0; tmp < 32; tmp++) {
  74:./Drivers/source/lpc17xx_nvic.c **** 		NVIC->IP[tmp] = 0x00;
  46              		.loc 1 74 0
  47 0010 1946     		mov	r1, r3
  67:./Drivers/source/lpc17xx_nvic.c **** 	NVIC->ICER[1] = 0x00000001;
  48              		.loc 1 67 0
  49 0012 C2F88400 		str	r0, [r2, #132]
  69:./Drivers/source/lpc17xx_nvic.c **** 	NVIC->ICPR[0] = 0xFFFFFFFF;
  50              		.loc 1 69 0
  51 0016 C2F88041 		str	r4, [r2, #384]
  70:./Drivers/source/lpc17xx_nvic.c **** 	NVIC->ICPR[1] = 0x00000001;
  52              		.loc 1 70 0
  53 001a C2F88401 		str	r0, [r2, #388]
  54              	.LVL0:
  55              	.L3:
  56              		.loc 1 74 0 discriminator 2
  57 001e 03F16042 		add	r2, r3, #-536870912
  58 0022 0133     		adds	r3, r3, #1
  59              	.LVL1:
  60 0024 02F56142 		add	r2, r2, #57600
  73:./Drivers/source/lpc17xx_nvic.c **** 	for (tmp = 0; tmp < 32; tmp++) {
  61              		.loc 1 73 0 discriminator 2
  62 0028 202B     		cmp	r3, #32
  63              		.loc 1 74 0 discriminator 2
  64 002a 82F80013 		strb	r1, [r2, #768]
  65              	.LVL2:
  73:./Drivers/source/lpc17xx_nvic.c **** 	for (tmp = 0; tmp < 32; tmp++) {
  66              		.loc 1 73 0 discriminator 2
  67 002e F6D1     		bne	.L3
  75:./Drivers/source/lpc17xx_nvic.c **** 	}
  76:./Drivers/source/lpc17xx_nvic.c **** }
  68              		.loc 1 76 0
  69 0030 5DF8044B 		ldr	r4, [sp], #4
  70 0034 7047     		bx	lr
  71              	.L7:
  72 0036 00BF     		.align	2
  73              	.L6:
  74 0038 00E100E0 		.word	-536813312
  75              		.cfi_endproc
  76              	.LFE55:
  78              		.section	.text.NVIC_SCBDeInit,"ax",%progbits
  79              		.align	2
  80              		.global	NVIC_SCBDeInit
  81              		.thumb
  82              		.thumb_func
  84              	NVIC_SCBDeInit:
  85              	.LFB56:
  77:./Drivers/source/lpc17xx_nvic.c **** 
  78:./Drivers/source/lpc17xx_nvic.c **** /*****************************************************************************//**
  79:./Drivers/source/lpc17xx_nvic.c ****  * @brief			De-initializes the SCB peripheral registers to their default
  80:./Drivers/source/lpc17xx_nvic.c ****  *                  reset values.
  81:./Drivers/source/lpc17xx_nvic.c ****  * @param			none
  82:./Drivers/source/lpc17xx_nvic.c ****  * @return 			none
  83:./Drivers/source/lpc17xx_nvic.c ****  *
  84:./Drivers/source/lpc17xx_nvic.c ****  * These following SCB NVIC peripheral registers will be de-initialized:
  85:./Drivers/source/lpc17xx_nvic.c ****  * - Interrupt Control State register
  86:./Drivers/source/lpc17xx_nvic.c ****  * - Interrupt Vector Table Offset register
  87:./Drivers/source/lpc17xx_nvic.c ****  * - Application Interrupt/Reset Control register
  88:./Drivers/source/lpc17xx_nvic.c ****  * - System Control register
  89:./Drivers/source/lpc17xx_nvic.c ****  * - Configuration Control register
  90:./Drivers/source/lpc17xx_nvic.c ****  * - System Handlers Priority Registers
  91:./Drivers/source/lpc17xx_nvic.c ****  * - System Handler Control and State Register
  92:./Drivers/source/lpc17xx_nvic.c ****  * - Configurable Fault Status Register
  93:./Drivers/source/lpc17xx_nvic.c ****  * - Hard Fault Status Register
  94:./Drivers/source/lpc17xx_nvic.c ****  * - Debug Fault Status Register
  95:./Drivers/source/lpc17xx_nvic.c ****  *******************************************************************************/
  96:./Drivers/source/lpc17xx_nvic.c **** void NVIC_SCBDeInit(void)
  97:./Drivers/source/lpc17xx_nvic.c **** {
  86              		.loc 1 97 0
  87              		.cfi_startproc
  88              		@ args = 0, pretend = 0, frame = 0
  89              		@ frame_needed = 0, uses_anonymous_args = 0
  90              		@ link register save eliminated.
  91 0000 10B4     		push	{r4}
  92              		.cfi_def_cfa_offset 4
  93              		.cfi_offset 4, -4
  98:./Drivers/source/lpc17xx_nvic.c **** 	uint8_t tmp;
  99:./Drivers/source/lpc17xx_nvic.c **** 
 100:./Drivers/source/lpc17xx_nvic.c **** 	SCB->ICSR = 0x0A000000;
  94              		.loc 1 100 0
  95 0002 104A     		ldr	r2, .L12
 101:./Drivers/source/lpc17xx_nvic.c **** 	SCB->VTOR = 0x00000000;
 102:./Drivers/source/lpc17xx_nvic.c **** 	SCB->AIRCR = 0x05FA0000;
  96              		.loc 1 102 0
  97 0004 104C     		ldr	r4, .L12+4
 101:./Drivers/source/lpc17xx_nvic.c **** 	SCB->VTOR = 0x00000000;
  98              		.loc 1 101 0
  99 0006 0021     		movs	r1, #0
 100:./Drivers/source/lpc17xx_nvic.c **** 	SCB->ICSR = 0x0A000000;
 100              		.loc 1 100 0
 101 0008 4FF02060 		mov	r0, #167772160
 102 000c 5060     		str	r0, [r2, #4]
 103:./Drivers/source/lpc17xx_nvic.c **** 	SCB->SCR = 0x00000000;
 104:./Drivers/source/lpc17xx_nvic.c **** 	SCB->CCR = 0x00000000;
 103              		.loc 1 104 0
 104 000e 0B46     		mov	r3, r1
 101:./Drivers/source/lpc17xx_nvic.c **** 	SCB->VTOR = 0x00000000;
 105              		.loc 1 101 0
 106 0010 9160     		str	r1, [r2, #8]
 105:./Drivers/source/lpc17xx_nvic.c **** 
 106:./Drivers/source/lpc17xx_nvic.c **** 	for (tmp = 0; tmp < 32; tmp++) {
 107:./Drivers/source/lpc17xx_nvic.c **** 		SCB->SHP[tmp] = 0x00;
 107              		.loc 1 107 0
 108 0012 0846     		mov	r0, r1
 102:./Drivers/source/lpc17xx_nvic.c **** 	SCB->AIRCR = 0x05FA0000;
 109              		.loc 1 102 0
 110 0014 D460     		str	r4, [r2, #12]
 103:./Drivers/source/lpc17xx_nvic.c **** 	SCB->SCR = 0x00000000;
 111              		.loc 1 103 0
 112 0016 1161     		str	r1, [r2, #16]
 104:./Drivers/source/lpc17xx_nvic.c **** 	SCB->CCR = 0x00000000;
 113              		.loc 1 104 0
 114 0018 5161     		str	r1, [r2, #20]
 115              	.LVL3:
 116              	.L10:
 117              		.loc 1 107 0 discriminator 2
 118 001a 03F16042 		add	r2, r3, #-536870912
 119 001e 0133     		adds	r3, r3, #1
 120              	.LVL4:
 121 0020 02F56D42 		add	r2, r2, #60672
 106:./Drivers/source/lpc17xx_nvic.c **** 	for (tmp = 0; tmp < 32; tmp++) {
 122              		.loc 1 106 0 discriminator 2
 123 0024 202B     		cmp	r3, #32
 124              		.loc 1 107 0 discriminator 2
 125 0026 1076     		strb	r0, [r2, #24]
 126              	.LVL5:
 127 0028 4FF00001 		mov	r1, #0
 128 002c 054A     		ldr	r2, .L12
 106:./Drivers/source/lpc17xx_nvic.c **** 	for (tmp = 0; tmp < 32; tmp++) {
 129              		.loc 1 106 0 discriminator 2
 130 002e F4D1     		bne	.L10
 108:./Drivers/source/lpc17xx_nvic.c **** 	}
 109:./Drivers/source/lpc17xx_nvic.c **** 
 110:./Drivers/source/lpc17xx_nvic.c **** 	SCB->SHCSR = 0x00000000;
 111:./Drivers/source/lpc17xx_nvic.c **** 	SCB->CFSR = 0xFFFFFFFF;
 131              		.loc 1 111 0
 132 0030 4FF0FF33 		mov	r3, #-1
 110:./Drivers/source/lpc17xx_nvic.c **** 	SCB->SHCSR = 0x00000000;
 133              		.loc 1 110 0
 134 0034 5162     		str	r1, [r2, #36]
 112:./Drivers/source/lpc17xx_nvic.c **** 	SCB->HFSR = 0xFFFFFFFF;
 113:./Drivers/source/lpc17xx_nvic.c **** 	SCB->DFSR = 0xFFFFFFFF;
 114:./Drivers/source/lpc17xx_nvic.c **** }
 135              		.loc 1 114 0
 136 0036 5DF8044B 		ldr	r4, [sp], #4
 111:./Drivers/source/lpc17xx_nvic.c **** 	SCB->CFSR = 0xFFFFFFFF;
 137              		.loc 1 111 0
 138 003a 9362     		str	r3, [r2, #40]
 112:./Drivers/source/lpc17xx_nvic.c **** 	SCB->HFSR = 0xFFFFFFFF;
 139              		.loc 1 112 0
 140 003c D362     		str	r3, [r2, #44]
 113:./Drivers/source/lpc17xx_nvic.c **** 	SCB->DFSR = 0xFFFFFFFF;
 141              		.loc 1 113 0
 142 003e 1363     		str	r3, [r2, #48]
 143              		.loc 1 114 0
 144 0040 7047     		bx	lr
 145              	.L13:
 146 0042 00BF     		.align	2
 147              	.L12:
 148 0044 00ED00E0 		.word	-536810240
 149 0048 0000FA05 		.word	100270080
 150              		.cfi_endproc
 151              	.LFE56:
 153              		.section	.text.NVIC_SetVTOR,"ax",%progbits
 154              		.align	2
 155              		.global	NVIC_SetVTOR
 156              		.thumb
 157              		.thumb_func
 159              	NVIC_SetVTOR:
 160              	.LFB57:
 115:./Drivers/source/lpc17xx_nvic.c **** 
 116:./Drivers/source/lpc17xx_nvic.c **** 
 117:./Drivers/source/lpc17xx_nvic.c **** /*****************************************************************************//**
 118:./Drivers/source/lpc17xx_nvic.c ****  * @brief		Set Vector Table Offset value
 119:./Drivers/source/lpc17xx_nvic.c ****  * @param		offset Offset value
 120:./Drivers/source/lpc17xx_nvic.c ****  * @return      None
 121:./Drivers/source/lpc17xx_nvic.c ****  *******************************************************************************/
 122:./Drivers/source/lpc17xx_nvic.c **** void NVIC_SetVTOR(uint32_t offset)
 123:./Drivers/source/lpc17xx_nvic.c **** {
 161              		.loc 1 123 0
 162              		.cfi_startproc
 163              		@ args = 0, pretend = 0, frame = 0
 164              		@ frame_needed = 0, uses_anonymous_args = 0
 165              		@ link register save eliminated.
 166              	.LVL6:
 124:./Drivers/source/lpc17xx_nvic.c **** //	SCB->VTOR  = (offset & NVIC_VTOR_MASK);
 125:./Drivers/source/lpc17xx_nvic.c **** 	SCB->VTOR  = offset;
 167              		.loc 1 125 0
 168 0000 014B     		ldr	r3, .L15
 169 0002 9860     		str	r0, [r3, #8]
 170 0004 7047     		bx	lr
 171              	.L16:
 172 0006 00BF     		.align	2
 173              	.L15:
 174 0008 00ED00E0 		.word	-536810240
 175              		.cfi_endproc
 176              	.LFE57:
 178              		.text
 179              	.Letext0:
 180              		.file 2 "d:\\gnu\\4_8\\arm-none-eabi\\include\\machine\\_default_types.h"
 181              		.file 3 "d:\\gnu\\4_8\\arm-none-eabi\\include\\stdint.h"
 182              		.file 4 "./Core/core_cm3.h"
DEFINED SYMBOLS
                            *ABS*:00000000 lpc17xx_nvic.c
C:\Users\kosmos\AppData\Local\Temp\ccOquNPY.s:19     .text.NVIC_DeInit:00000000 $t
C:\Users\kosmos\AppData\Local\Temp\ccOquNPY.s:24     .text.NVIC_DeInit:00000000 NVIC_DeInit
C:\Users\kosmos\AppData\Local\Temp\ccOquNPY.s:74     .text.NVIC_DeInit:00000038 $d
C:\Users\kosmos\AppData\Local\Temp\ccOquNPY.s:79     .text.NVIC_SCBDeInit:00000000 $t
C:\Users\kosmos\AppData\Local\Temp\ccOquNPY.s:84     .text.NVIC_SCBDeInit:00000000 NVIC_SCBDeInit
C:\Users\kosmos\AppData\Local\Temp\ccOquNPY.s:148    .text.NVIC_SCBDeInit:00000044 $d
C:\Users\kosmos\AppData\Local\Temp\ccOquNPY.s:154    .text.NVIC_SetVTOR:00000000 $t
C:\Users\kosmos\AppData\Local\Temp\ccOquNPY.s:159    .text.NVIC_SetVTOR:00000000 NVIC_SetVTOR
C:\Users\kosmos\AppData\Local\Temp\ccOquNPY.s:174    .text.NVIC_SetVTOR:00000008 $d
                     .debug_frame:00000010 $d

NO UNDEFINED SYMBOLS
