   1              		.syntax unified
   2              		.cpu cortex-m3
   3              		.fpu softvfp
   4              		.eabi_attribute 20, 1
   5              		.eabi_attribute 21, 1
   6              		.eabi_attribute 23, 3
   7              		.eabi_attribute 24, 1
   8              		.eabi_attribute 25, 1
   9              		.eabi_attribute 26, 1
  10              		.eabi_attribute 30, 2
  11              		.eabi_attribute 34, 1
  12              		.eabi_attribute 18, 4
  13              		.thumb
  14              		.file	"lpc17xx_ssp.c"
  15              		.text
  16              	.Ltext0:
  17              		.cfi_sections	.debug_frame
  18              	.Letext0:
  19              		.file 1 "d:\\gnu\\4_8\\arm-none-eabi\\include\\machine\\_default_types.h"
  20              		.file 2 "d:\\gnu\\4_8\\arm-none-eabi\\include\\stdint.h"
  21              		.file 3 "./Core/core_cm3.h"
DEFINED SYMBOLS
                            *ABS*:00000000 lpc17xx_ssp.c

NO UNDEFINED SYMBOLS
