   1              		.syntax unified
   2              		.cpu cortex-m3
   3              		.fpu softvfp
   4              		.eabi_attribute 20, 1
   5              		.eabi_attribute 21, 1
   6              		.eabi_attribute 23, 3
   7              		.eabi_attribute 24, 1
   8              		.eabi_attribute 25, 1
   9              		.eabi_attribute 26, 1
  10              		.eabi_attribute 30, 2
  11              		.eabi_attribute 34, 1
  12              		.eabi_attribute 18, 4
  13              		.thumb
  14              		.file	"lpc17xx_systick.c"
  15              		.text
  16              	.Ltext0:
  17              		.cfi_sections	.debug_frame
  18              		.global	__aeabi_ui2f
  19              		.global	__aeabi_fcmplt
  20              		.section	.text.SYSTICK_InternalInit,"ax",%progbits
  21              		.align	2
  22              		.global	SYSTICK_InternalInit
  23              		.thumb
  24              		.thumb_func
  26              	SYSTICK_InternalInit:
  27              	.LFB55:
  28              		.file 1 "./Drivers/source/lpc17xx_systick.c"
   1:./Drivers/source/lpc17xx_systick.c **** 								/***********************************************************************//**
   2:./Drivers/source/lpc17xx_systick.c ****  * @file		lpc17xx_systick.c
   3:./Drivers/source/lpc17xx_systick.c ****  * @brief		Contains all functions support for SYSTICK firmware library on LPC17xx
   4:./Drivers/source/lpc17xx_systick.c ****  * @version		2.0
   5:./Drivers/source/lpc17xx_systick.c ****  * @date		21. May. 2010
   6:./Drivers/source/lpc17xx_systick.c ****  * @author		NXP MCU SW Application Team
   7:./Drivers/source/lpc17xx_systick.c ****  **************************************************************************
   8:./Drivers/source/lpc17xx_systick.c ****  * Software that is described herein is for illustrative purposes only
   9:./Drivers/source/lpc17xx_systick.c ****  * which provides customers with programming information regarding the
  10:./Drivers/source/lpc17xx_systick.c ****  * products. This software is supplied "AS IS" without any warranties.
  11:./Drivers/source/lpc17xx_systick.c ****  * NXP Semiconductors assumes no responsibility or liability for the
  12:./Drivers/source/lpc17xx_systick.c ****  * use of the software, conveys no license or title under any patent,
  13:./Drivers/source/lpc17xx_systick.c ****  * copyright, or mask work right to the product. NXP Semiconductors
  14:./Drivers/source/lpc17xx_systick.c ****  * reserves the right to make changes in the software without
  15:./Drivers/source/lpc17xx_systick.c ****  * notification. NXP Semiconductors also make no representation or
  16:./Drivers/source/lpc17xx_systick.c ****  * warranty that such application will be suitable for the specified
  17:./Drivers/source/lpc17xx_systick.c ****  * use without further testing or modification.
  18:./Drivers/source/lpc17xx_systick.c ****  **********************************************************************/
  19:./Drivers/source/lpc17xx_systick.c **** 
  20:./Drivers/source/lpc17xx_systick.c **** /* Peripheral group ----------------------------------------------------------- */
  21:./Drivers/source/lpc17xx_systick.c **** /** @addtogroup SYSTICK
  22:./Drivers/source/lpc17xx_systick.c ****  * @{
  23:./Drivers/source/lpc17xx_systick.c ****  */
  24:./Drivers/source/lpc17xx_systick.c **** 
  25:./Drivers/source/lpc17xx_systick.c **** /* Includes ------------------------------------------------------------------- */
  26:./Drivers/source/lpc17xx_systick.c **** #include "lpc17xx_systick.h"
  27:./Drivers/source/lpc17xx_systick.c **** #include "lpc17xx_clkpwr.h"
  28:./Drivers/source/lpc17xx_systick.c **** 
  29:./Drivers/source/lpc17xx_systick.c **** /* If this source file built with example, the LPC17xx FW library configuration
  30:./Drivers/source/lpc17xx_systick.c ****  * file in each example directory ("lpc17xx_libcfg.h") must be included,
  31:./Drivers/source/lpc17xx_systick.c ****  * otherwise the default FW library configuration file must be included instead
  32:./Drivers/source/lpc17xx_systick.c ****  */
  33:./Drivers/source/lpc17xx_systick.c **** #ifdef __BUILD_WITH_EXAMPLE__
  34:./Drivers/source/lpc17xx_systick.c **** #include "lpc17xx_libcfg.h"
  35:./Drivers/source/lpc17xx_systick.c **** #else
  36:./Drivers/source/lpc17xx_systick.c **** #include "lpc17xx_libcfg_default.h"
  37:./Drivers/source/lpc17xx_systick.c **** #endif /* __BUILD_WITH_EXAMPLE__ */
  38:./Drivers/source/lpc17xx_systick.c **** 
  39:./Drivers/source/lpc17xx_systick.c **** 
  40:./Drivers/source/lpc17xx_systick.c **** #ifdef _SYSTICK
  41:./Drivers/source/lpc17xx_systick.c **** 
  42:./Drivers/source/lpc17xx_systick.c **** volatile U32 ST_tms    = 0;
  43:./Drivers/source/lpc17xx_systick.c **** volatile U32 ST_timer  = 0;
  44:./Drivers/source/lpc17xx_systick.c **** volatile U32 ST_timer2 = 0;
  45:./Drivers/source/lpc17xx_systick.c **** U32	ST_stamp;
  46:./Drivers/source/lpc17xx_systick.c **** 
  47:./Drivers/source/lpc17xx_systick.c **** /* Public Functions ----------------------------------------------------------- */
  48:./Drivers/source/lpc17xx_systick.c **** /** @addtogroup SYSTICK_Public_Functions
  49:./Drivers/source/lpc17xx_systick.c ****  * @{
  50:./Drivers/source/lpc17xx_systick.c ****  */
  51:./Drivers/source/lpc17xx_systick.c **** /*********************************************************************//**
  52:./Drivers/source/lpc17xx_systick.c ****  * @brief 		Initial System Tick with using internal CPU clock source
  53:./Drivers/source/lpc17xx_systick.c ****  * @param[in]	time	time interval(ms)
  54:./Drivers/source/lpc17xx_systick.c ****  * @return 		None
  55:./Drivers/source/lpc17xx_systick.c ****  **********************************************************************/
  56:./Drivers/source/lpc17xx_systick.c **** void SYSTICK_InternalInit(uint32_t time)
  57:./Drivers/source/lpc17xx_systick.c **** {
  29              		.loc 1 57 0
  30              		.cfi_startproc
  31              		@ args = 0, pretend = 0, frame = 0
  32              		@ frame_needed = 0, uses_anonymous_args = 0
  33              	.LVL0:
  58:./Drivers/source/lpc17xx_systick.c **** 	uint32_t cclk;
  59:./Drivers/source/lpc17xx_systick.c **** 	float maxtime;
  60:./Drivers/source/lpc17xx_systick.c **** 
  61:./Drivers/source/lpc17xx_systick.c **** 	cclk = SystemCoreClock;
  34              		.loc 1 61 0
  35 0000 104B     		ldr	r3, .L8
  36              	.LVL1:
  57:./Drivers/source/lpc17xx_systick.c **** {
  37              		.loc 1 57 0
  38 0002 70B5     		push	{r4, r5, r6, lr}
  39              		.cfi_def_cfa_offset 16
  40              		.cfi_offset 4, -16
  41              		.cfi_offset 5, -12
  42              		.cfi_offset 6, -8
  43              		.cfi_offset 14, -4
  62:./Drivers/source/lpc17xx_systick.c **** 	/* With internal CPU clock frequency for LPC17xx is 'SystemCoreClock'
  63:./Drivers/source/lpc17xx_systick.c **** 	 * And limit 24 bit for LOAD value
  64:./Drivers/source/lpc17xx_systick.c **** 	 * So the maximum time can be set:
  65:./Drivers/source/lpc17xx_systick.c **** 	 * 1/SystemCoreClock * (2^24) * 1000 (ms)
  66:./Drivers/source/lpc17xx_systick.c **** 	 */
  67:./Drivers/source/lpc17xx_systick.c **** 	//check time value is available or not
  68:./Drivers/source/lpc17xx_systick.c **** 	maxtime = (1<<24)/(SystemCoreClock / 1000) ;
  44              		.loc 1 68 0
  45 0004 104A     		ldr	r2, .L8+4
  46 0006 1D68     		ldr	r5, [r3]
  47 0008 4FF08073 		mov	r3, #16777216
  48              	.LVL2:
  49 000c A2FB0515 		umull	r1, r5, r2, r5
  50              	.LVL3:
  51 0010 AD09     		lsrs	r5, r5, #6
  52              	.LVL4:
  57:./Drivers/source/lpc17xx_systick.c **** {
  53              		.loc 1 57 0
  54 0012 0446     		mov	r4, r0
  55              		.loc 1 68 0
  56 0014 B3FBF5F0 		udiv	r0, r3, r5
  57              	.LVL5:
  58 0018 FFF7FEFF 		bl	__aeabi_ui2f
  59              	.LVL6:
  60 001c 0646     		mov	r6, r0
  69:./Drivers/source/lpc17xx_systick.c **** 	if(time > maxtime)
  61              		.loc 1 69 0
  62 001e 2046     		mov	r0, r4
  63 0020 FFF7FEFF 		bl	__aeabi_ui2f
  64              	.LVL7:
  65 0024 0146     		mov	r1, r0
  66 0026 3046     		mov	r0, r6
  67 0028 FFF7FEFF 		bl	__aeabi_fcmplt
  68              	.LVL8:
  69 002c 00B1     		cbz	r0, .L6
  70              	.L4:
  71 002e FEE7     		b	.L4
  72              	.L6:
  70:./Drivers/source/lpc17xx_systick.c **** 		//Error loop
  71:./Drivers/source/lpc17xx_systick.c **** 		while(1);
  72:./Drivers/source/lpc17xx_systick.c **** 	else
  73:./Drivers/source/lpc17xx_systick.c **** 	{
  74:./Drivers/source/lpc17xx_systick.c **** 		//Select CPU clock is System Tick clock source
  75:./Drivers/source/lpc17xx_systick.c **** 		SysTick->CTRL |= ST_CTRL_CLKSOURCE;
  73              		.loc 1 75 0
  74 0030 064B     		ldr	r3, .L8+8
  76:./Drivers/source/lpc17xx_systick.c **** 		/* Set RELOAD value
  77:./Drivers/source/lpc17xx_systick.c **** 		 * RELOAD = (SystemCoreClock/1000) * time - 1
  78:./Drivers/source/lpc17xx_systick.c **** 		 * with time base is millisecond
  79:./Drivers/source/lpc17xx_systick.c **** 		 */
  80:./Drivers/source/lpc17xx_systick.c **** 		SysTick->LOAD = (cclk/1000)*time - 1;
  75              		.loc 1 80 0
  76 0032 05FB04F2 		mul	r2, r5, r4
  75:./Drivers/source/lpc17xx_systick.c **** 		SysTick->CTRL |= ST_CTRL_CLKSOURCE;
  77              		.loc 1 75 0
  78 0036 1968     		ldr	r1, [r3]
  79              		.loc 1 80 0
  80 0038 013A     		subs	r2, r2, #1
  75:./Drivers/source/lpc17xx_systick.c **** 		SysTick->CTRL |= ST_CTRL_CLKSOURCE;
  81              		.loc 1 75 0
  82 003a 41F00401 		orr	r1, r1, #4
  83 003e 1960     		str	r1, [r3]
  84              		.loc 1 80 0
  85 0040 5A60     		str	r2, [r3, #4]
  86 0042 70BD     		pop	{r4, r5, r6, pc}
  87              	.LVL9:
  88              	.L9:
  89              		.align	2
  90              	.L8:
  91 0044 00000000 		.word	SystemCoreClock
  92 0048 D34D6210 		.word	274877907
  93 004c 10E000E0 		.word	-536813552
  94              		.cfi_endproc
  95              	.LFE55:
  97              		.section	.text.SYSTICK_InternalMyInit,"ax",%progbits
  98              		.align	2
  99              		.global	SYSTICK_InternalMyInit
 100              		.thumb
 101              		.thumb_func
 103              	SYSTICK_InternalMyInit:
 104              	.LFB56:
  81:./Drivers/source/lpc17xx_systick.c **** 	}
  82:./Drivers/source/lpc17xx_systick.c **** }
  83:./Drivers/source/lpc17xx_systick.c **** 
  84:./Drivers/source/lpc17xx_systick.c **** void SYSTICK_InternalMyInit(uint32_t time)
  85:./Drivers/source/lpc17xx_systick.c **** {
 105              		.loc 1 85 0
 106              		.cfi_startproc
 107              		@ args = 0, pretend = 0, frame = 0
 108              		@ frame_needed = 0, uses_anonymous_args = 0
 109              		@ link register save eliminated.
 110              	.LVL10:
  86:./Drivers/source/lpc17xx_systick.c **** 	if(time >= (1<<24))
 111              		.loc 1 86 0
 112 0000 B0F1807F 		cmp	r0, #16777216
 113 0004 00D3     		bcc	.L11
 114              	.L12:
 115 0006 FEE7     		b	.L12
 116              	.L11:
  87:./Drivers/source/lpc17xx_systick.c **** 		//Error loop
  88:./Drivers/source/lpc17xx_systick.c **** 		while(1);
  89:./Drivers/source/lpc17xx_systick.c **** 	else
  90:./Drivers/source/lpc17xx_systick.c **** 	{
  91:./Drivers/source/lpc17xx_systick.c **** 		//Select CPU clock is System Tick clock source
  92:./Drivers/source/lpc17xx_systick.c **** 		SysTick->CTRL |= ST_CTRL_CLKSOURCE;
 117              		.loc 1 92 0
 118 0008 034B     		ldr	r3, .L13
  93:./Drivers/source/lpc17xx_systick.c **** 		/* Set RELOAD value
  94:./Drivers/source/lpc17xx_systick.c **** 		 * RELOAD = (SystemCoreClock/1000) * time - 1
  95:./Drivers/source/lpc17xx_systick.c **** 		 * with time base is millisecond
  96:./Drivers/source/lpc17xx_systick.c **** 		 */
  97:./Drivers/source/lpc17xx_systick.c **** 		SysTick->LOAD = time - 1;
 119              		.loc 1 97 0
 120 000a 0138     		subs	r0, r0, #1
 121              	.LVL11:
  92:./Drivers/source/lpc17xx_systick.c **** 		SysTick->CTRL |= ST_CTRL_CLKSOURCE;
 122              		.loc 1 92 0
 123 000c 1A68     		ldr	r2, [r3]
 124 000e 42F00402 		orr	r2, r2, #4
 125 0012 1A60     		str	r2, [r3]
 126              		.loc 1 97 0
 127 0014 5860     		str	r0, [r3, #4]
 128 0016 7047     		bx	lr
 129              	.L14:
 130              		.align	2
 131              	.L13:
 132 0018 10E000E0 		.word	-536813552
 133              		.cfi_endproc
 134              	.LFE56:
 136              		.section	.text.SYSTICK_ExternalInit,"ax",%progbits
 137              		.align	2
 138              		.global	SYSTICK_ExternalInit
 139              		.thumb
 140              		.thumb_func
 142              	SYSTICK_ExternalInit:
 143              	.LFB57:
  98:./Drivers/source/lpc17xx_systick.c **** 	}
  99:./Drivers/source/lpc17xx_systick.c **** }
 100:./Drivers/source/lpc17xx_systick.c **** 
 101:./Drivers/source/lpc17xx_systick.c **** /*********************************************************************//**
 102:./Drivers/source/lpc17xx_systick.c ****  * @brief 		Initial System Tick with using external clock source
 103:./Drivers/source/lpc17xx_systick.c ****  * @param[in]	freq	external clock frequency(Hz)
 104:./Drivers/source/lpc17xx_systick.c ****  * @param[in]	time	time interval(ms)
 105:./Drivers/source/lpc17xx_systick.c ****  * @return 		None
 106:./Drivers/source/lpc17xx_systick.c ****  **********************************************************************/
 107:./Drivers/source/lpc17xx_systick.c **** void SYSTICK_ExternalInit(uint32_t freq, uint32_t time)
 108:./Drivers/source/lpc17xx_systick.c **** {
 144              		.loc 1 108 0
 145              		.cfi_startproc
 146              		@ args = 0, pretend = 0, frame = 0
 147              		@ frame_needed = 0, uses_anonymous_args = 0
 148              	.LVL12:
 109:./Drivers/source/lpc17xx_systick.c **** 	float maxtime;
 110:./Drivers/source/lpc17xx_systick.c **** 
 111:./Drivers/source/lpc17xx_systick.c **** 	/* With external clock frequency for LPC17xx is 'freq'
 112:./Drivers/source/lpc17xx_systick.c **** 	 * And limit 24 bit for RELOAD value
 113:./Drivers/source/lpc17xx_systick.c **** 	 * So the maximum time can be set:
 114:./Drivers/source/lpc17xx_systick.c **** 	 * 1/freq * (2^24) * 1000 (ms)
 115:./Drivers/source/lpc17xx_systick.c **** 	 */
 116:./Drivers/source/lpc17xx_systick.c **** 	//check time value is available or not
 117:./Drivers/source/lpc17xx_systick.c **** 	maxtime = (1<<24)/(freq / 1000) ;
 149              		.loc 1 117 0
 150 0000 0F4B     		ldr	r3, .L21
 108:./Drivers/source/lpc17xx_systick.c **** {
 151              		.loc 1 108 0
 152 0002 70B5     		push	{r4, r5, r6, lr}
 153              		.cfi_def_cfa_offset 16
 154              		.cfi_offset 4, -16
 155              		.cfi_offset 5, -12
 156              		.cfi_offset 6, -8
 157              		.cfi_offset 14, -4
 158              		.loc 1 117 0
 159 0004 A3FB0023 		umull	r2, r3, r3, r0
 160 0008 4FF08070 		mov	r0, #16777216
 161              	.LVL13:
 162 000c 9D09     		lsrs	r5, r3, #6
 163              	.LVL14:
 164 000e B0FBF5F0 		udiv	r0, r0, r5
 108:./Drivers/source/lpc17xx_systick.c **** {
 165              		.loc 1 108 0
 166 0012 0C46     		mov	r4, r1
 167              		.loc 1 117 0
 168 0014 FFF7FEFF 		bl	__aeabi_ui2f
 169              	.LVL15:
 170 0018 0646     		mov	r6, r0
 118:./Drivers/source/lpc17xx_systick.c **** 	if (time>maxtime)
 171              		.loc 1 118 0
 172 001a 2046     		mov	r0, r4
 173 001c FFF7FEFF 		bl	__aeabi_ui2f
 174              	.LVL16:
 175 0020 0146     		mov	r1, r0
 176 0022 3046     		mov	r0, r6
 177 0024 FFF7FEFF 		bl	__aeabi_fcmplt
 178              	.LVL17:
 179 0028 00B1     		cbz	r0, .L20
 180              	.L18:
 181 002a FEE7     		b	.L18
 182              	.L20:
 119:./Drivers/source/lpc17xx_systick.c **** 		//Error Loop
 120:./Drivers/source/lpc17xx_systick.c **** 		while(1);
 121:./Drivers/source/lpc17xx_systick.c **** 	else
 122:./Drivers/source/lpc17xx_systick.c **** 	{
 123:./Drivers/source/lpc17xx_systick.c **** 		//Select external clock is System Tick clock source
 124:./Drivers/source/lpc17xx_systick.c **** 		SysTick->CTRL &= ~ ST_CTRL_CLKSOURCE;
 183              		.loc 1 124 0
 184 002c 054B     		ldr	r3, .L21+4
 125:./Drivers/source/lpc17xx_systick.c **** 		/* Set RELOAD value
 126:./Drivers/source/lpc17xx_systick.c **** 		 * RELOAD = (freq/1000) * time - 1
 127:./Drivers/source/lpc17xx_systick.c **** 		 * with time base is millisecond
 128:./Drivers/source/lpc17xx_systick.c **** 		 */
 129:./Drivers/source/lpc17xx_systick.c **** 		maxtime = (freq/1000)*time - 1;
 130:./Drivers/source/lpc17xx_systick.c **** 		SysTick->LOAD = (freq/1000)*time - 1;
 185              		.loc 1 130 0
 186 002e 04FB05F2 		mul	r2, r4, r5
 124:./Drivers/source/lpc17xx_systick.c **** 		SysTick->CTRL &= ~ ST_CTRL_CLKSOURCE;
 187              		.loc 1 124 0
 188 0032 1968     		ldr	r1, [r3]
 189              		.loc 1 130 0
 190 0034 013A     		subs	r2, r2, #1
 124:./Drivers/source/lpc17xx_systick.c **** 		SysTick->CTRL &= ~ ST_CTRL_CLKSOURCE;
 191              		.loc 1 124 0
 192 0036 21F00401 		bic	r1, r1, #4
 193 003a 1960     		str	r1, [r3]
 194              	.LVL18:
 195              		.loc 1 130 0
 196 003c 5A60     		str	r2, [r3, #4]
 197 003e 70BD     		pop	{r4, r5, r6, pc}
 198              	.LVL19:
 199              	.L22:
 200              		.align	2
 201              	.L21:
 202 0040 D34D6210 		.word	274877907
 203 0044 10E000E0 		.word	-536813552
 204              		.cfi_endproc
 205              	.LFE57:
 207              		.section	.text.SYSTICK_Cmd,"ax",%progbits
 208              		.align	2
 209              		.global	SYSTICK_Cmd
 210              		.thumb
 211              		.thumb_func
 213              	SYSTICK_Cmd:
 214              	.LFB58:
 131:./Drivers/source/lpc17xx_systick.c **** 	}
 132:./Drivers/source/lpc17xx_systick.c **** }
 133:./Drivers/source/lpc17xx_systick.c **** 
 134:./Drivers/source/lpc17xx_systick.c **** /*********************************************************************//**
 135:./Drivers/source/lpc17xx_systick.c ****  * @brief 		Enable/disable System Tick counter
 136:./Drivers/source/lpc17xx_systick.c ****  * @param[in]	NewState	System Tick counter status, should be:
 137:./Drivers/source/lpc17xx_systick.c ****  * 					- ENABLE
 138:./Drivers/source/lpc17xx_systick.c ****  * 					- DISABLE
 139:./Drivers/source/lpc17xx_systick.c ****  * @return 		None
 140:./Drivers/source/lpc17xx_systick.c ****  **********************************************************************/
 141:./Drivers/source/lpc17xx_systick.c **** void SYSTICK_Cmd(FunctionalState NewState)
 142:./Drivers/source/lpc17xx_systick.c **** {
 215              		.loc 1 142 0
 216              		.cfi_startproc
 217              		@ args = 0, pretend = 0, frame = 0
 218              		@ frame_needed = 0, uses_anonymous_args = 0
 219              		@ link register save eliminated.
 220              	.LVL20:
 143:./Drivers/source/lpc17xx_systick.c **** 	CHECK_PARAM(PARAM_FUNCTIONALSTATE(NewState));
 144:./Drivers/source/lpc17xx_systick.c **** 
 145:./Drivers/source/lpc17xx_systick.c **** 	if(NewState == ENABLE)
 146:./Drivers/source/lpc17xx_systick.c **** 		//Enable System Tick counter
 147:./Drivers/source/lpc17xx_systick.c **** 		SysTick->CTRL |= ST_CTRL_ENABLE;
 221              		.loc 1 147 0
 222 0000 044B     		ldr	r3, .L26
 145:./Drivers/source/lpc17xx_systick.c **** 	if(NewState == ENABLE)
 223              		.loc 1 145 0
 224 0002 0128     		cmp	r0, #1
 225              		.loc 1 147 0
 226 0004 1A68     		ldr	r2, [r3]
 227 0006 0CBF     		ite	eq
 228 0008 42F00102 		orreq	r2, r2, #1
 148:./Drivers/source/lpc17xx_systick.c **** 	else
 149:./Drivers/source/lpc17xx_systick.c **** 		//Disable System Tick counter
 150:./Drivers/source/lpc17xx_systick.c **** 		SysTick->CTRL &= ~ST_CTRL_ENABLE;
 229              		.loc 1 150 0
 230 000c 22F00102 		bicne	r2, r2, #1
 231 0010 1A60     		str	r2, [r3]
 232 0012 7047     		bx	lr
 233              	.L27:
 234              		.align	2
 235              	.L26:
 236 0014 10E000E0 		.word	-536813552
 237              		.cfi_endproc
 238              	.LFE58:
 240              		.section	.text.SYSTICK_IntCmd,"ax",%progbits
 241              		.align	2
 242              		.global	SYSTICK_IntCmd
 243              		.thumb
 244              		.thumb_func
 246              	SYSTICK_IntCmd:
 247              	.LFB59:
 151:./Drivers/source/lpc17xx_systick.c **** }
 152:./Drivers/source/lpc17xx_systick.c **** 
 153:./Drivers/source/lpc17xx_systick.c **** /*********************************************************************//**
 154:./Drivers/source/lpc17xx_systick.c ****  * @brief 		Enable/disable System Tick interrupt
 155:./Drivers/source/lpc17xx_systick.c ****  * @param[in]	NewState	System Tick interrupt status, should be:
 156:./Drivers/source/lpc17xx_systick.c ****  * 					- ENABLE
 157:./Drivers/source/lpc17xx_systick.c ****  * 					- DISABLE
 158:./Drivers/source/lpc17xx_systick.c ****  * @return 		None
 159:./Drivers/source/lpc17xx_systick.c ****  **********************************************************************/
 160:./Drivers/source/lpc17xx_systick.c **** void SYSTICK_IntCmd(FunctionalState NewState)
 161:./Drivers/source/lpc17xx_systick.c **** {
 248              		.loc 1 161 0
 249              		.cfi_startproc
 250              		@ args = 0, pretend = 0, frame = 0
 251              		@ frame_needed = 0, uses_anonymous_args = 0
 252              		@ link register save eliminated.
 253              	.LVL21:
 162:./Drivers/source/lpc17xx_systick.c **** 	CHECK_PARAM(PARAM_FUNCTIONALSTATE(NewState));
 163:./Drivers/source/lpc17xx_systick.c **** 
 164:./Drivers/source/lpc17xx_systick.c **** 	if(NewState == ENABLE)
 165:./Drivers/source/lpc17xx_systick.c **** 		//Enable System Tick counter
 166:./Drivers/source/lpc17xx_systick.c **** 		SysTick->CTRL |= ST_CTRL_TICKINT;
 254              		.loc 1 166 0
 255 0000 044B     		ldr	r3, .L31
 164:./Drivers/source/lpc17xx_systick.c **** 	if(NewState == ENABLE)
 256              		.loc 1 164 0
 257 0002 0128     		cmp	r0, #1
 258              		.loc 1 166 0
 259 0004 1A68     		ldr	r2, [r3]
 260 0006 0CBF     		ite	eq
 261 0008 42F00202 		orreq	r2, r2, #2
 167:./Drivers/source/lpc17xx_systick.c **** 	else
 168:./Drivers/source/lpc17xx_systick.c **** 		//Disable System Tick counter
 169:./Drivers/source/lpc17xx_systick.c **** 		SysTick->CTRL &= ~ST_CTRL_TICKINT;
 262              		.loc 1 169 0
 263 000c 22F00202 		bicne	r2, r2, #2
 264 0010 1A60     		str	r2, [r3]
 265 0012 7047     		bx	lr
 266              	.L32:
 267              		.align	2
 268              	.L31:
 269 0014 10E000E0 		.word	-536813552
 270              		.cfi_endproc
 271              	.LFE59:
 273              		.section	.text.SYSTICK_GetCurrentValue,"ax",%progbits
 274              		.align	2
 275              		.global	SYSTICK_GetCurrentValue
 276              		.thumb
 277              		.thumb_func
 279              	SYSTICK_GetCurrentValue:
 280              	.LFB60:
 170:./Drivers/source/lpc17xx_systick.c **** }
 171:./Drivers/source/lpc17xx_systick.c **** 
 172:./Drivers/source/lpc17xx_systick.c **** /*********************************************************************//**
 173:./Drivers/source/lpc17xx_systick.c ****  * @brief 		Get current value of System Tick counter
 174:./Drivers/source/lpc17xx_systick.c ****  * @param[in]	None
 175:./Drivers/source/lpc17xx_systick.c ****  * @return 		current value of System Tick counter
 176:./Drivers/source/lpc17xx_systick.c ****  **********************************************************************/
 177:./Drivers/source/lpc17xx_systick.c **** uint32_t SYSTICK_GetCurrentValue(void)
 178:./Drivers/source/lpc17xx_systick.c **** {
 281              		.loc 1 178 0
 282              		.cfi_startproc
 283              		@ args = 0, pretend = 0, frame = 0
 284              		@ frame_needed = 0, uses_anonymous_args = 0
 285              		@ link register save eliminated.
 179:./Drivers/source/lpc17xx_systick.c **** 	return (SysTick->VAL);
 286              		.loc 1 179 0
 287 0000 014B     		ldr	r3, .L34
 288 0002 9868     		ldr	r0, [r3, #8]
 180:./Drivers/source/lpc17xx_systick.c **** }
 289              		.loc 1 180 0
 290 0004 7047     		bx	lr
 291              	.L35:
 292 0006 00BF     		.align	2
 293              	.L34:
 294 0008 10E000E0 		.word	-536813552
 295              		.cfi_endproc
 296              	.LFE60:
 298              		.section	.text.SYSTICK_ClearCounterFlag,"ax",%progbits
 299              		.align	2
 300              		.global	SYSTICK_ClearCounterFlag
 301              		.thumb
 302              		.thumb_func
 304              	SYSTICK_ClearCounterFlag:
 305              	.LFB61:
 181:./Drivers/source/lpc17xx_systick.c **** 
 182:./Drivers/source/lpc17xx_systick.c **** /*********************************************************************//**
 183:./Drivers/source/lpc17xx_systick.c ****  * @brief 		Clear Counter flag
 184:./Drivers/source/lpc17xx_systick.c ****  * @param[in]	None
 185:./Drivers/source/lpc17xx_systick.c ****  * @return 		None
 186:./Drivers/source/lpc17xx_systick.c ****  **********************************************************************/
 187:./Drivers/source/lpc17xx_systick.c **** void SYSTICK_ClearCounterFlag(void)
 188:./Drivers/source/lpc17xx_systick.c **** {
 306              		.loc 1 188 0
 307              		.cfi_startproc
 308              		@ args = 0, pretend = 0, frame = 0
 309              		@ frame_needed = 0, uses_anonymous_args = 0
 310              		@ link register save eliminated.
 189:./Drivers/source/lpc17xx_systick.c **** 	SysTick->CTRL &= ~ST_CTRL_COUNTFLAG;
 311              		.loc 1 189 0
 312 0000 024B     		ldr	r3, .L37
 313 0002 1A68     		ldr	r2, [r3]
 314 0004 22F48032 		bic	r2, r2, #65536
 315 0008 1A60     		str	r2, [r3]
 316 000a 7047     		bx	lr
 317              	.L38:
 318              		.align	2
 319              	.L37:
 320 000c 10E000E0 		.word	-536813552
 321              		.cfi_endproc
 322              	.LFE61:
 324              		.section	.text.SysTick_SetStamp,"ax",%progbits
 325              		.align	2
 326              		.global	SysTick_SetStamp
 327              		.thumb
 328              		.thumb_func
 330              	SysTick_SetStamp:
 331              	.LFB62:
 190:./Drivers/source/lpc17xx_systick.c **** }
 191:./Drivers/source/lpc17xx_systick.c **** /**
 192:./Drivers/source/lpc17xx_systick.c ****  * @}
 193:./Drivers/source/lpc17xx_systick.c ****  */
 194:./Drivers/source/lpc17xx_systick.c **** 
 195:./Drivers/source/lpc17xx_systick.c **** void SysTick_SetStamp(void)
 196:./Drivers/source/lpc17xx_systick.c **** {
 332              		.loc 1 196 0
 333              		.cfi_startproc
 334              		@ args = 0, pretend = 0, frame = 0
 335              		@ frame_needed = 0, uses_anonymous_args = 0
 336              		@ link register save eliminated.
 197:./Drivers/source/lpc17xx_systick.c **** 	ST_stamp = SysTick->VAL;
 337              		.loc 1 197 0
 338 0000 024A     		ldr	r2, .L40
 339 0002 034B     		ldr	r3, .L40+4
 340 0004 9268     		ldr	r2, [r2, #8]
 341 0006 1A60     		str	r2, [r3]
 342 0008 7047     		bx	lr
 343              	.L41:
 344 000a 00BF     		.align	2
 345              	.L40:
 346 000c 10E000E0 		.word	-536813552
 347 0010 00000000 		.word	ST_stamp
 348              		.cfi_endproc
 349              	.LFE62:
 351              		.section	.text.SysTick_GetDelta,"ax",%progbits
 352              		.align	2
 353              		.global	SysTick_GetDelta
 354              		.thumb
 355              		.thumb_func
 357              	SysTick_GetDelta:
 358              	.LFB63:
 198:./Drivers/source/lpc17xx_systick.c **** }
 199:./Drivers/source/lpc17xx_systick.c **** 
 200:./Drivers/source/lpc17xx_systick.c **** U32 SysTick_GetDelta(void)
 201:./Drivers/source/lpc17xx_systick.c **** {
 359              		.loc 1 201 0
 360              		.cfi_startproc
 361              		@ args = 0, pretend = 0, frame = 0
 362              		@ frame_needed = 0, uses_anonymous_args = 0
 363              		@ link register save eliminated.
 202:./Drivers/source/lpc17xx_systick.c **** 	return ST_stamp - SysTick->VAL;
 364              		.loc 1 202 0
 365 0000 024A     		ldr	r2, .L43
 366 0002 034B     		ldr	r3, .L43+4
 367 0004 1068     		ldr	r0, [r2]
 368 0006 9B68     		ldr	r3, [r3, #8]
 203:./Drivers/source/lpc17xx_systick.c **** }
 369              		.loc 1 203 0
 370 0008 C01A     		subs	r0, r0, r3
 371 000a 7047     		bx	lr
 372              	.L44:
 373              		.align	2
 374              	.L43:
 375 000c 00000000 		.word	ST_stamp
 376 0010 10E000E0 		.word	-536813552
 377              		.cfi_endproc
 378              	.LFE63:
 380              		.comm	ST_stamp,4,4
 381              		.global	ST_timer2
 382              		.global	ST_timer
 383              		.global	ST_tms
 384              		.section	.bss.ST_timer,"aw",%nobits
 385              		.align	2
 388              	ST_timer:
 389 0000 00000000 		.space	4
 390              		.section	.bss.ST_timer2,"aw",%nobits
 391              		.align	2
 394              	ST_timer2:
 395 0000 00000000 		.space	4
 396              		.section	.bss.ST_tms,"aw",%nobits
 397              		.align	2
 400              	ST_tms:
 401 0000 00000000 		.space	4
 402              		.text
 403              	.Letext0:
 404              		.file 2 "d:\\gnu\\4_8\\arm-none-eabi\\include\\machine\\_default_types.h"
 405              		.file 3 "d:\\gnu\\4_8\\arm-none-eabi\\include\\stdint.h"
 406              		.file 4 "./Core/core_cm3.h"
 407              		.file 5 "./Drivers/include/lpc_types.h"
 408              		.file 6 "./LPC17xx/system_LPC17xx.h"
 409              		.file 7 "./Drivers/include/vkv_compiler.h"
DEFINED SYMBOLS
                            *ABS*:00000000 lpc17xx_systick.c
C:\Users\kosmos\AppData\Local\Temp\ccG7wIzS.s:21     .text.SYSTICK_InternalInit:00000000 $t
C:\Users\kosmos\AppData\Local\Temp\ccG7wIzS.s:26     .text.SYSTICK_InternalInit:00000000 SYSTICK_InternalInit
C:\Users\kosmos\AppData\Local\Temp\ccG7wIzS.s:91     .text.SYSTICK_InternalInit:00000044 $d
C:\Users\kosmos\AppData\Local\Temp\ccG7wIzS.s:98     .text.SYSTICK_InternalMyInit:00000000 $t
C:\Users\kosmos\AppData\Local\Temp\ccG7wIzS.s:103    .text.SYSTICK_InternalMyInit:00000000 SYSTICK_InternalMyInit
C:\Users\kosmos\AppData\Local\Temp\ccG7wIzS.s:132    .text.SYSTICK_InternalMyInit:00000018 $d
C:\Users\kosmos\AppData\Local\Temp\ccG7wIzS.s:137    .text.SYSTICK_ExternalInit:00000000 $t
C:\Users\kosmos\AppData\Local\Temp\ccG7wIzS.s:142    .text.SYSTICK_ExternalInit:00000000 SYSTICK_ExternalInit
C:\Users\kosmos\AppData\Local\Temp\ccG7wIzS.s:202    .text.SYSTICK_ExternalInit:00000040 $d
C:\Users\kosmos\AppData\Local\Temp\ccG7wIzS.s:208    .text.SYSTICK_Cmd:00000000 $t
C:\Users\kosmos\AppData\Local\Temp\ccG7wIzS.s:213    .text.SYSTICK_Cmd:00000000 SYSTICK_Cmd
C:\Users\kosmos\AppData\Local\Temp\ccG7wIzS.s:236    .text.SYSTICK_Cmd:00000014 $d
C:\Users\kosmos\AppData\Local\Temp\ccG7wIzS.s:241    .text.SYSTICK_IntCmd:00000000 $t
C:\Users\kosmos\AppData\Local\Temp\ccG7wIzS.s:246    .text.SYSTICK_IntCmd:00000000 SYSTICK_IntCmd
C:\Users\kosmos\AppData\Local\Temp\ccG7wIzS.s:269    .text.SYSTICK_IntCmd:00000014 $d
C:\Users\kosmos\AppData\Local\Temp\ccG7wIzS.s:274    .text.SYSTICK_GetCurrentValue:00000000 $t
C:\Users\kosmos\AppData\Local\Temp\ccG7wIzS.s:279    .text.SYSTICK_GetCurrentValue:00000000 SYSTICK_GetCurrentValue
C:\Users\kosmos\AppData\Local\Temp\ccG7wIzS.s:294    .text.SYSTICK_GetCurrentValue:00000008 $d
C:\Users\kosmos\AppData\Local\Temp\ccG7wIzS.s:299    .text.SYSTICK_ClearCounterFlag:00000000 $t
C:\Users\kosmos\AppData\Local\Temp\ccG7wIzS.s:304    .text.SYSTICK_ClearCounterFlag:00000000 SYSTICK_ClearCounterFlag
C:\Users\kosmos\AppData\Local\Temp\ccG7wIzS.s:320    .text.SYSTICK_ClearCounterFlag:0000000c $d
C:\Users\kosmos\AppData\Local\Temp\ccG7wIzS.s:325    .text.SysTick_SetStamp:00000000 $t
C:\Users\kosmos\AppData\Local\Temp\ccG7wIzS.s:330    .text.SysTick_SetStamp:00000000 SysTick_SetStamp
C:\Users\kosmos\AppData\Local\Temp\ccG7wIzS.s:346    .text.SysTick_SetStamp:0000000c $d
                            *COM*:00000004 ST_stamp
C:\Users\kosmos\AppData\Local\Temp\ccG7wIzS.s:352    .text.SysTick_GetDelta:00000000 $t
C:\Users\kosmos\AppData\Local\Temp\ccG7wIzS.s:357    .text.SysTick_GetDelta:00000000 SysTick_GetDelta
C:\Users\kosmos\AppData\Local\Temp\ccG7wIzS.s:375    .text.SysTick_GetDelta:0000000c $d
C:\Users\kosmos\AppData\Local\Temp\ccG7wIzS.s:394    .bss.ST_timer2:00000000 ST_timer2
C:\Users\kosmos\AppData\Local\Temp\ccG7wIzS.s:388    .bss.ST_timer:00000000 ST_timer
C:\Users\kosmos\AppData\Local\Temp\ccG7wIzS.s:400    .bss.ST_tms:00000000 ST_tms
C:\Users\kosmos\AppData\Local\Temp\ccG7wIzS.s:385    .bss.ST_timer:00000000 $d
C:\Users\kosmos\AppData\Local\Temp\ccG7wIzS.s:391    .bss.ST_timer2:00000000 $d
C:\Users\kosmos\AppData\Local\Temp\ccG7wIzS.s:397    .bss.ST_tms:00000000 $d
                     .debug_frame:00000010 $d

UNDEFINED SYMBOLS
__aeabi_ui2f
__aeabi_fcmplt
SystemCoreClock
